Using pre-set license
Built from '2020.3/staging' branch; Version is '2020.3.21f1 (a38c86f6690f) revision 10718342'; Using compiler version '192528614'; Build Type 'Release'
OS: 'Windows 10 Home; OS build 19042.1288; Version 2009; 64bit' Language: 'en' Physical Memory: 14252 MB
BatchMode: 1, IsHumanControllingUs: 0, StartBugReporterOnCrash: 0, Is64bit: 1, IsPro: 0

COMMAND LINE ARGUMENTS:
C:\Program Files\Unity\Hub\Editor\2020.3.21f1\Editor\Unity.exe
-adb2
-batchMode
-noUpm
-name
AssetImportWorker0
-projectPath
C:/Users/charl/SnowPersonCharles
-logFile
Logs/AssetImportWorker0.log
-srvPort
59668
Successfully changed project path to: C:/Users/charl/SnowPersonCharles
C:/Users/charl/SnowPersonCharles
Using Asset Import Pipeline V2.
Refreshing native plugins compatible for Editor in 40.04 ms, found 2 plugins.
Preloading 0 native plugins for Editor in 0.00 ms.
Initialize engine version: 2020.3.21f1 (a38c86f6690f)
[Subsystems] Discovering subsystems at path C:/Program Files/Unity/Hub/Editor/2020.3.21f1/Editor/Data/Resources/UnitySubsystems
[Subsystems] Discovering subsystems at path C:/Users/charl/SnowPersonCharles/Assets
GfxDevice: creating device client; threaded=0
Direct3D:
    Version:  Direct3D 11.0 [level 11.1]
    Renderer: Radeon RX 5500M (ID=0x7340)
    Vendor:   
    VRAM:     4054 MB
    Driver:   27.20.1023.7001
Initialize mono
Mono path[0] = 'C:/Program Files/Unity/Hub/Editor/2020.3.21f1/Editor/Data/Managed'
Mono path[1] = 'C:/Program Files/Unity/Hub/Editor/2020.3.21f1/Editor/Data/MonoBleedingEdge/lib/mono/unityjit'
Mono config path = 'C:/Program Files/Unity/Hub/Editor/2020.3.21f1/Editor/Data/MonoBleedingEdge/etc'
Using monoOptions --debugger-agent=transport=dt_socket,embedding=1,server=y,suspend=n,address=127.0.0.1:56332
Begin MonoManager ReloadAssembly
Registering precompiled unity dll's ...
Register platform support module: C:/Program Files/Unity/Hub/Editor/2020.3.21f1/Editor/Data/PlaybackEngines/WebGLSupport/UnityEditor.WebGL.Extensions.dll
Register platform support module: C:/Program Files/Unity/Hub/Editor/2020.3.21f1/Editor/Data/PlaybackEngines/WindowsStandaloneSupport/UnityEditor.WindowsStandalone.Extensions.dll
Registered in 0.004401 seconds.
Native extension for WindowsStandalone target not found
Native extension for WebGL target not found
Refreshing native plugins compatible for Editor in 37.40 ms, found 2 plugins.
Preloading 0 native plugins for Editor in 0.00 ms.
Mono: successfully reloaded assembly
- Completed reload, in  1.807 seconds
Domain Reload Profiling:
	ReloadAssembly (1807ms)
		BeginReloadAssembly (65ms)
			ExecutionOrderSort (0ms)
			DisableScriptedObjects (0ms)
			BackupInstance (0ms)
			ReleaseScriptingObjects (0ms)
			CreateAndSetChildDomain (1ms)
		EndReloadAssembly (539ms)
			LoadAssemblies (62ms)
			RebuildTransferFunctionScriptingTraits (0ms)
			SetupTypeCache (190ms)
			ReleaseScriptCaches (0ms)
			RebuildScriptCaches (32ms)
			SetupLoadedEditorAssemblies (196ms)
				LogAssemblyErrors (0ms)
				InitializePlatformSupportModulesInManaged (5ms)
				SetLoadedEditorAssemblies (0ms)
				RefreshPlugins (38ms)
				BeforeProcessingInitializeOnLoad (21ms)
				ProcessInitializeOnLoadAttributes (94ms)
				ProcessInitializeOnLoadMethodAttributes (38ms)
				AfterProcessingInitializeOnLoad (0ms)
				EditorAssembliesLoaded (0ms)
			ExecutionOrderSort2 (0ms)
			AwakeInstancesAfterBackupRestoration (0ms)
Platform modules already initialized, skipping
Registering precompiled user dll's ...
Registered in 0.006770 seconds.
Begin MonoManager ReloadAssembly
Native extension for WindowsStandalone target not found
Native extension for WebGL target not found
Refreshing native plugins compatible for Editor in 0.57 ms, found 2 plugins.
Preloading 0 native plugins for Editor in 0.00 ms.
Mono: successfully reloaded assembly
- Completed reload, in  1.395 seconds
Domain Reload Profiling:
	ReloadAssembly (1396ms)
		BeginReloadAssembly (218ms)
			ExecutionOrderSort (0ms)
			DisableScriptedObjects (9ms)
			BackupInstance (0ms)
			ReleaseScriptingObjects (0ms)
			CreateAndSetChildDomain (28ms)
		EndReloadAssembly (1079ms)
			LoadAssemblies (123ms)
			RebuildTransferFunctionScriptingTraits (0ms)
			SetupTypeCache (394ms)
			ReleaseScriptCaches (1ms)
			RebuildScriptCaches (55ms)
			SetupLoadedEditorAssemblies (386ms)
				LogAssemblyErrors (0ms)
				InitializePlatformSupportModulesInManaged (8ms)
				SetLoadedEditorAssemblies (1ms)
				RefreshPlugins (1ms)
				BeforeProcessingInitializeOnLoad (99ms)
				ProcessInitializeOnLoadAttributes (258ms)
				ProcessInitializeOnLoadMethodAttributes (10ms)
				AfterProcessingInitializeOnLoad (9ms)
				EditorAssembliesLoaded (0ms)
			ExecutionOrderSort2 (0ms)
			AwakeInstancesAfterBackupRestoration (8ms)
Platform modules already initialized, skipping
========================================================================
Worker process is ready to serve import requests
Launched and connected shader compiler UnityShaderCompiler.exe after 0.08 seconds
Refreshing native plugins compatible for Editor in 0.41 ms, found 2 plugins.
Preloading 0 native plugins for Editor in 0.00 ms.
Unloading 1488 Unused Serialized files (Serialized files now loaded: 0)
System memory in use before: 67.1 MB.
System memory in use after: 67.1 MB.

Unloading 19 unused Assets to reduce memory usage. Loaded Objects now: 1920.
Total: 4.661000 ms (FindLiveObjects: 0.226300 ms CreateObjectMapping: 0.041500 ms MarkObjects: 4.298200 ms  DeleteObjects: 0.093400 ms)

AssetImportParameters requested are different than current active one (requested -> active):
  custom:framework-win-MediaFoundation: 216162199b28c13a410421893ffa2e32 -> 
  custom:video-decoder-ogg-theora: a1e56fd34408186e4bbccfd4996cb3dc -> 
  custom:container-muxer-webm: aa71ff27fc2769a1b78a27578f13a17b -> 
  custom:container-demuxer-webm: 4f35f7cbe854078d1ac9338744f61a02 -> 
  custom:container-demuxer-ogg: 62fdf1f143b41e24485cea50d1cbac27 -> 
  custom:video-encoder-webm-vp8: eb34c28f22e8b96e1ab97ce403110664 -> 
  custom:video-decoder-webm-vp8: 9c59270c3fd7afecdb556c50c9e8de78 -> 
  custom:audio-decoder-ogg-vorbis: bf7c407c2cedff20999df2af8eb42d56 -> 
  custom:audio-encoder-webm-vorbis: bf7c407c2cedff20999df2af8eb42d56 -> 
========================================================================
Received Import Request.
  path: Assets
  artifactKey: Guid(00000000000000001000000000000000) Importer(815301076,1909f56bfc062723c751e8b465ee728b)
Start importing Assets using Guid(00000000000000001000000000000000) Importer(815301076,1909f56bfc062723c751e8b465ee728b)  -> (artifact id: '42d402b061de3733987d63b9cc3b64de') in 0.013777 seconds 
  Import took 0.016718 seconds .

========================================================================
Received Prepare
Registering precompiled user dll's ...
Registered in 0.006850 seconds.
Begin MonoManager ReloadAssembly
Native extension for WindowsStandalone target not found
Native extension for WebGL target not found
Refreshing native plugins compatible for Editor in 0.45 ms, found 2 plugins.
Preloading 0 native plugins for Editor in 0.00 ms.
Mono: successfully reloaded assembly
- Completed reload, in  1.350 seconds
Domain Reload Profiling:
	ReloadAssembly (1351ms)
		BeginReloadAssembly (210ms)
			ExecutionOrderSort (0ms)
			DisableScriptedObjects (12ms)
			BackupInstance (0ms)
			ReleaseScriptingObjects (0ms)
			CreateAndSetChildDomain (82ms)
		EndReloadAssembly (1057ms)
			LoadAssemblies (122ms)
			RebuildTransferFunctionScriptingTraits (0ms)
			SetupTypeCache (383ms)
			ReleaseScriptCaches (2ms)
			RebuildScriptCaches (61ms)
			SetupLoadedEditorAssemblies (357ms)
				LogAssemblyErrors (0ms)
				InitializePlatformSupportModulesInManaged (10ms)
				SetLoadedEditorAssemblies (1ms)
				RefreshPlugins (1ms)
				BeforeProcessingInitializeOnLoad (99ms)
				ProcessInitializeOnLoadAttributes (227ms)
				ProcessInitializeOnLoadMethodAttributes (10ms)
				AfterProcessingInitializeOnLoad (10ms)
				EditorAssembliesLoaded (0ms)
			ExecutionOrderSort2 (0ms)
			AwakeInstancesAfterBackupRestoration (8ms)
Platform modules already initialized, skipping
Refreshing native plugins compatible for Editor in 0.45 ms, found 2 plugins.
Preloading 0 native plugins for Editor in 0.00 ms.
Unloading 1483 Unused Serialized files (Serialized files now loaded: 0)
System memory in use before: 67.1 MB.
System memory in use after: 67.2 MB.

Unloading 14 unused Assets to reduce memory usage. Loaded Objects now: 1922.
Total: 3.505900 ms (FindLiveObjects: 0.238400 ms CreateObjectMapping: 0.063600 ms MarkObjects: 3.173900 ms  DeleteObjects: 0.028500 ms)

AssetImportParameters requested are different than current active one (requested -> active):
  custom:framework-win-MediaFoundation: 216162199b28c13a410421893ffa2e32 -> 
  custom:video-decoder-ogg-theora: a1e56fd34408186e4bbccfd4996cb3dc -> 
  custom:container-muxer-webm: aa71ff27fc2769a1b78a27578f13a17b -> 
  custom:container-demuxer-webm: 4f35f7cbe854078d1ac9338744f61a02 -> 
  custom:container-demuxer-ogg: 62fdf1f143b41e24485cea50d1cbac27 -> 
  custom:video-encoder-webm-vp8: eb34c28f22e8b96e1ab97ce403110664 -> 
  custom:video-decoder-webm-vp8: 9c59270c3fd7afecdb556c50c9e8de78 -> 
  custom:audio-decoder-ogg-vorbis: bf7c407c2cedff20999df2af8eb42d56 -> 
  custom:audio-encoder-webm-vorbis: bf7c407c2cedff20999df2af8eb42d56 -> 
========================================================================
Received Import Request.
  Time since last request: 9319.032973 seconds.
  path: Assets/Ressources
  artifactKey: Guid(7510fff0fea6ada418101c8d530d1e42) Importer(815301076,1909f56bfc062723c751e8b465ee728b)
Start importing Assets/Ressources using Guid(7510fff0fea6ada418101c8d530d1e42) Importer(815301076,1909f56bfc062723c751e8b465ee728b)  -> (artifact id: '3131192ea6f398c4f70035b7cef2f781') in 0.018094 seconds 
  Import took 0.022908 seconds .

========================================================================
Received Import Request.
  Time since last request: 10.957133 seconds.
  path: Assets/Ressources/Materials
  artifactKey: Guid(6eaadd4dbe97941408cde7823972d2e1) Importer(815301076,1909f56bfc062723c751e8b465ee728b)
Start importing Assets/Ressources/Materials using Guid(6eaadd4dbe97941408cde7823972d2e1) Importer(815301076,1909f56bfc062723c751e8b465ee728b)  -> (artifact id: '779a2716a78ad9767f4c65bb19e78a0b') in 0.012871 seconds 
  Import took 0.016844 seconds .

========================================================================
Received Import Request.
  Time since last request: 17.962563 seconds.
  path: Assets/Ressources/Materials/SnowMat.mat
  artifactKey: Guid(847ebd687caab244db67d322d04ee761) Importer(815301076,1909f56bfc062723c751e8b465ee728b)
Start importing Assets/Ressources/Materials/SnowMat.mat using Guid(847ebd687caab244db67d322d04ee761) Importer(815301076,1909f56bfc062723c751e8b465ee728b)  -> (artifact id: 'bcbbfd70c589dd8218712e57d75fd38a') in 0.175601 seconds 
  Import took 0.178960 seconds .

========================================================================
Received Import Request.
  Time since last request: 98.673096 seconds.
  path: Assets/Ressources/Texture/black-velvet-fabrics.jpg
  artifactKey: Guid(77eb26aeceb9de5479023c7c6713fe54) Importer(815301076,1909f56bfc062723c751e8b465ee728b)
Start importing Assets/Ressources/Texture/black-velvet-fabrics.jpg using Guid(77eb26aeceb9de5479023c7c6713fe54) Importer(815301076,1909f56bfc062723c751e8b465ee728b)  -> (artifact id: '963b0454612f6ae9d85dceedef9e36cd') in 0.106759 seconds 
  Import took 0.111067 seconds .

========================================================================
Received Import Request.
  Time since last request: 0.000398 seconds.
  path: Assets/Ressources/Texture/white texture.jpg
  artifactKey: Guid(c1fba5ac58e79234c8edbde339d36e5c) Importer(815301076,1909f56bfc062723c751e8b465ee728b)
Start importing Assets/Ressources/Texture/white texture.jpg using Guid(c1fba5ac58e79234c8edbde339d36e5c) Importer(815301076,1909f56bfc062723c751e8b465ee728b)  -> (artifact id: 'ebb8d5ca09fa16afdb829119059dcc7e') in 0.031719 seconds 
  Import took 0.035574 seconds .

========================================================================
Received Import Request.
  Time since last request: 0.000343 seconds.
  path: Assets/Ressources/Texture/snow_texture.jpg
  artifactKey: Guid(9070c0f773e66814d8b02516642aeac0) Importer(815301076,1909f56bfc062723c751e8b465ee728b)
Start importing Assets/Ressources/Texture/snow_texture.jpg using Guid(9070c0f773e66814d8b02516642aeac0) Importer(815301076,1909f56bfc062723c751e8b465ee728b)  -> (artifact id: 'd7876e1ee4168840fb14a620042609c6') in 0.025275 seconds 
  Import took 0.029012 seconds .

========================================================================
Received Import Request.
  Time since last request: 340.378237 seconds.
  path: Assets/Ressources/Texture/snow_normalMap.png
  artifactKey: Guid(82ae8645a38a0aa4391983a3fe5071cf) Importer(815301076,1909f56bfc062723c751e8b465ee728b)
Start importing Assets/Ressources/Texture/snow_normalMap.png using Guid(82ae8645a38a0aa4391983a3fe5071cf) Importer(815301076,1909f56bfc062723c751e8b465ee728b)  -> (artifact id: '4170de1b2269976aa0fd82dc4380113c') in 0.033036 seconds 
  Import took 0.038310 seconds .

========================================================================
Received Import Request.
  Time since last request: 531.370024 seconds.
  path: Assets/Ressources/Materials/SnowMat.mat
  artifactKey: Guid(847ebd687caab244db67d322d04ee761) Importer(815301076,1909f56bfc062723c751e8b465ee728b)
Start importing Assets/Ressources/Materials/SnowMat.mat using Guid(847ebd687caab244db67d322d04ee761) Importer(815301076,1909f56bfc062723c751e8b465ee728b)  -> (artifact id: '560e28d0d379fc90e920be00d25c186f') in 0.043340 seconds 
  Import took 0.048561 seconds .

========================================================================
Received Import Request.
  Time since last request: 766.963495 seconds.
  path: Assets/Ressources/Materials/SnowMat.mat
  artifactKey: Guid(847ebd687caab244db67d322d04ee761) Importer(815301076,1909f56bfc062723c751e8b465ee728b)
Start importing Assets/Ressources/Materials/SnowMat.mat using Guid(847ebd687caab244db67d322d04ee761) Importer(815301076,1909f56bfc062723c751e8b465ee728b)  -> (artifact id: '0dab9347be4032f1bf964da9c8c12cbf') in 0.047712 seconds 
  Import took 0.051085 seconds .

========================================================================
Received Import Request.
  Time since last request: 70594.246733 seconds.
  path: Assets/Ressources/Materials/SnowMat 1.mat
  artifactKey: Guid(a6157e0cc7f558549886d3128633853d) Importer(815301076,1909f56bfc062723c751e8b465ee728b)
Start importing Assets/Ressources/Materials/SnowMat 1.mat using Guid(a6157e0cc7f558549886d3128633853d) Importer(815301076,1909f56bfc062723c751e8b465ee728b)  -> (artifact id: '1e7d0eddb5727f5f01c93b74ad77e7df') in 0.082496 seconds 
  Import took 0.086481 seconds .

========================================================================
Received Import Request.
  Time since last request: 13.348287 seconds.
  path: Assets/Ressources/Materials/SnowmanMat.mat
  artifactKey: Guid(847ebd687caab244db67d322d04ee761) Importer(815301076,1909f56bfc062723c751e8b465ee728b)
Start importing Assets/Ressources/Materials/SnowmanMat.mat using Guid(847ebd687caab244db67d322d04ee761) Importer(815301076,1909f56bfc062723c751e8b465ee728b)  -> (artifact id: 'dbb6ce20782ff66a6649e99b1a48599a') in 0.031010 seconds 
  Import took 0.034369 seconds .

========================================================================
Received Import Request.
  Time since last request: 14.662089 seconds.
  path: Assets/Ressources/Materials/SnowTerrainMat.mat
  artifactKey: Guid(a6157e0cc7f558549886d3128633853d) Importer(815301076,1909f56bfc062723c751e8b465ee728b)
Start importing Assets/Ressources/Materials/SnowTerrainMat.mat using Guid(a6157e0cc7f558549886d3128633853d) Importer(815301076,1909f56bfc062723c751e8b465ee728b)  -> (artifact id: 'fb76d71bba64bba2d4d00460e8c2defe') in 0.039740 seconds 
  Import took 0.044954 seconds .

========================================================================
Received Import Request.
  Time since last request: 80.148625 seconds.
  path: Assets/Ressources/Materials/VelvetHat.mat
  artifactKey: Guid(073a7ba97dc57ff42928f57de55f9b15) Importer(815301076,1909f56bfc062723c751e8b465ee728b)
Start importing Assets/Ressources/Materials/VelvetHat.mat using Guid(073a7ba97dc57ff42928f57de55f9b15) Importer(815301076,1909f56bfc062723c751e8b465ee728b)  -> (artifact id: '19efd3d5856e6e0c5664d22f31838e7f') in 0.076963 seconds 
  Import took 0.081681 seconds .

========================================================================
Received Import Request.
  Time since last request: 46.597328 seconds.
  path: Assets/Ressources/Texture/snow_normalMap.png
  artifactKey: Guid(82ae8645a38a0aa4391983a3fe5071cf) Importer(815301076,1909f56bfc062723c751e8b465ee728b)
Start importing Assets/Ressources/Texture/snow_normalMap.png using Guid(82ae8645a38a0aa4391983a3fe5071cf) Importer(815301076,1909f56bfc062723c751e8b465ee728b)  -> (artifact id: 'f351e55286322675bde265c02325b1c0') in 0.059240 seconds 
  Import took 0.066065 seconds .

========================================================================
Received Import Request.
  Time since last request: 96.458895 seconds.
  path: Assets/Ressources/Texture/black-velvet-normalmap.png
  artifactKey: Guid(45338b29f6916a74382788254b8d2ede) Importer(815301076,1909f56bfc062723c751e8b465ee728b)
Start importing Assets/Ressources/Texture/black-velvet-normalmap.png using Guid(45338b29f6916a74382788254b8d2ede) Importer(815301076,1909f56bfc062723c751e8b465ee728b)  -> (artifact id: 'a98ff0b112b3abc8b6b51d3c2478a1ce') in 0.030463 seconds 
  Import took 0.034017 seconds .

========================================================================
Received Import Request.
  Time since last request: 103.616453 seconds.
  path: Assets/Ressources/Materials/EyeMat.mat
  artifactKey: Guid(532f34034e0315640a1d9567fbb14216) Importer(815301076,1909f56bfc062723c751e8b465ee728b)
Start importing Assets/Ressources/Materials/EyeMat.mat using Guid(532f34034e0315640a1d9567fbb14216) Importer(815301076,1909f56bfc062723c751e8b465ee728b)  -> (artifact id: 'afc260251958230e2f19df322c172ec9') in 0.036799 seconds 
  Import took 0.040960 seconds .

========================================================================
Received Import Request.
  Time since last request: 47.411029 seconds.
  path: Assets/Ressources/Materials/Mouth.mat
  artifactKey: Guid(2feb2f6140e25584dbc9dacfbac20130) Importer(815301076,1909f56bfc062723c751e8b465ee728b)
Start importing Assets/Ressources/Materials/Mouth.mat using Guid(2feb2f6140e25584dbc9dacfbac20130) Importer(815301076,1909f56bfc062723c751e8b465ee728b)  -> (artifact id: 'a2f12ad514169b0172e1ad15aebf9927') in 0.078368 seconds 
  Import took 0.084298 seconds .

========================================================================
Received Import Request.
  Time since last request: 102.527847 seconds.
  path: Assets/Ressources/Materials/MouthMat.mat
  artifactKey: Guid(2feb2f6140e25584dbc9dacfbac20130) Importer(815301076,1909f56bfc062723c751e8b465ee728b)
Start importing Assets/Ressources/Materials/MouthMat.mat using Guid(2feb2f6140e25584dbc9dacfbac20130) Importer(815301076,1909f56bfc062723c751e8b465ee728b)  -> (artifact id: 'e1a05075f4abb5063de844eafb8883ce') in 0.031489 seconds 
  Import took 0.035327 seconds .

========================================================================
Received Prepare
Registering precompiled user dll's ...
Registered in 0.186650 seconds.
Begin MonoManager ReloadAssembly
Native extension for WindowsStandalone target not found
Native extension for WebGL target not found
Refreshing native plugins compatible for Editor in 0.42 ms, found 2 plugins.
Preloading 0 native plugins for Editor in 0.00 ms.
Mono: successfully reloaded assembly
- Completed reload, in  1.222 seconds
Domain Reload Profiling:
	ReloadAssembly (1223ms)
		BeginReloadAssembly (167ms)
			ExecutionOrderSort (0ms)
			DisableScriptedObjects (7ms)
			BackupInstance (0ms)
			ReleaseScriptingObjects (0ms)
			CreateAndSetChildDomain (45ms)
		EndReloadAssembly (969ms)
			LoadAssemblies (124ms)
			RebuildTransferFunctionScriptingTraits (0ms)
			SetupTypeCache (337ms)
			ReleaseScriptCaches (1ms)
			RebuildScriptCaches (49ms)
			SetupLoadedEditorAssemblies (359ms)
				LogAssemblyErrors (0ms)
				InitializePlatformSupportModulesInManaged (9ms)
				SetLoadedEditorAssemblies (0ms)
				RefreshPlugins (1ms)
				BeforeProcessingInitializeOnLoad (98ms)
				ProcessInitializeOnLoadAttributes (229ms)
				ProcessInitializeOnLoadMethodAttributes (10ms)
				AfterProcessingInitializeOnLoad (12ms)
				EditorAssembliesLoaded (0ms)
			ExecutionOrderSort2 (0ms)
			AwakeInstancesAfterBackupRestoration (9ms)
Platform modules already initialized, skipping
Refreshing native plugins compatible for Editor in 0.43 ms, found 2 plugins.
Preloading 0 native plugins for Editor in 0.00 ms.
Unloading 1483 Unused Serialized files (Serialized files now loaded: 0)
System memory in use before: 70.5 MB.
System memory in use after: 70.6 MB.

Unloading 14 unused Assets to reduce memory usage. Loaded Objects now: 1968.
Total: 4.093600 ms (FindLiveObjects: 0.255600 ms CreateObjectMapping: 0.058700 ms MarkObjects: 3.755800 ms  DeleteObjects: 0.021500 ms)

AssetImportParameters requested are different than current active one (requested -> active):
  custom:framework-win-MediaFoundation: 216162199b28c13a410421893ffa2e32 -> 
  custom:video-decoder-ogg-theora: a1e56fd34408186e4bbccfd4996cb3dc -> 
  custom:container-muxer-webm: aa71ff27fc2769a1b78a27578f13a17b -> 
  custom:container-demuxer-webm: 4f35f7cbe854078d1ac9338744f61a02 -> 
  custom:container-demuxer-ogg: 62fdf1f143b41e24485cea50d1cbac27 -> 
  custom:video-encoder-webm-vp8: eb34c28f22e8b96e1ab97ce403110664 -> 
  custom:video-decoder-webm-vp8: 9c59270c3fd7afecdb556c50c9e8de78 -> 
  custom:audio-decoder-ogg-vorbis: bf7c407c2cedff20999df2af8eb42d56 -> 
  custom:audio-encoder-webm-vorbis: bf7c407c2cedff20999df2af8eb42d56 -> 
========================================================================
Received Prepare
Registering precompiled user dll's ...
Registered in 0.021396 seconds.
Begin MonoManager ReloadAssembly
Native extension for WindowsStandalone target not found
Native extension for WebGL target not found
Refreshing native plugins compatible for Editor in 0.44 ms, found 2 plugins.
Preloading 0 native plugins for Editor in 0.00 ms.
Mono: successfully reloaded assembly
- Completed reload, in  1.209 seconds
Domain Reload Profiling:
	ReloadAssembly (1210ms)
		BeginReloadAssembly (131ms)
			ExecutionOrderSort (0ms)
			DisableScriptedObjects (5ms)
			BackupInstance (0ms)
			ReleaseScriptingObjects (0ms)
			CreateAndSetChildDomain (39ms)
		EndReloadAssembly (991ms)
			LoadAssemblies (105ms)
			RebuildTransferFunctionScriptingTraits (0ms)
			SetupTypeCache (377ms)
			ReleaseScriptCaches (1ms)
			RebuildScriptCaches (49ms)
			SetupLoadedEditorAssemblies (351ms)
				LogAssemblyErrors (0ms)
				InitializePlatformSupportModulesInManaged (10ms)
				SetLoadedEditorAssemblies (1ms)
				RefreshPlugins (1ms)
				BeforeProcessingInitializeOnLoad (93ms)
				ProcessInitializeOnLoadAttributes (227ms)
				ProcessInitializeOnLoadMethodAttributes (11ms)
				AfterProcessingInitializeOnLoad (10ms)
				EditorAssembliesLoaded (0ms)
			ExecutionOrderSort2 (0ms)
			AwakeInstancesAfterBackupRestoration (8ms)
Platform modules already initialized, skipping
Refreshing native plugins compatible for Editor in 0.52 ms, found 2 plugins.
Preloading 0 native plugins for Editor in 0.00 ms.
Unloading 1483 Unused Serialized files (Serialized files now loaded: 0)
System memory in use before: 70.5 MB.
System memory in use after: 70.6 MB.

Unloading 14 unused Assets to reduce memory usage. Loaded Objects now: 1970.
Total: 4.401000 ms (FindLiveObjects: 0.201200 ms CreateObjectMapping: 0.045000 ms MarkObjects: 4.127600 ms  DeleteObjects: 0.025600 ms)

AssetImportParameters requested are different than current active one (requested -> active):
  custom:framework-win-MediaFoundation: 216162199b28c13a410421893ffa2e32 -> 
  custom:video-decoder-ogg-theora: a1e56fd34408186e4bbccfd4996cb3dc -> 
  custom:container-muxer-webm: aa71ff27fc2769a1b78a27578f13a17b -> 
  custom:container-demuxer-webm: 4f35f7cbe854078d1ac9338744f61a02 -> 
  custom:container-demuxer-ogg: 62fdf1f143b41e24485cea50d1cbac27 -> 
  custom:video-encoder-webm-vp8: eb34c28f22e8b96e1ab97ce403110664 -> 
  custom:video-decoder-webm-vp8: 9c59270c3fd7afecdb556c50c9e8de78 -> 
  custom:audio-decoder-ogg-vorbis: bf7c407c2cedff20999df2af8eb42d56 -> 
  custom:audio-encoder-webm-vorbis: bf7c407c2cedff20999df2af8eb42d56 -> 
========================================================================
Received Import Request.
  Time since last request: 2201.311034 seconds.
  path: Assets/Ressources/Prefabs
  artifactKey: Guid(3bc8be871fdef094ca3b838a892f4450) Importer(815301076,1909f56bfc062723c751e8b465ee728b)
Start importing Assets/Ressources/Prefabs using Guid(3bc8be871fdef094ca3b838a892f4450) Importer(815301076,1909f56bfc062723c751e8b465ee728b)  -> (artifact id: 'afba6ddd06f079a6c850b3b92ea2cf7d') in 0.015897 seconds 
  Import took 0.020406 seconds .

========================================================================
Received Import Request.
  Time since last request: 41.393466 seconds.
  path: Assets/Ressources/Prefabs/TheSnowman.prefab
  artifactKey: Guid(c58cadd4203850e4eac0d9e599bacecc) Importer(815301076,1909f56bfc062723c751e8b465ee728b)
Start importing Assets/Ressources/Prefabs/TheSnowman.prefab using Guid(c58cadd4203850e4eac0d9e599bacecc) Importer(815301076,1909f56bfc062723c751e8b465ee728b)  -> (artifact id: '7ecdb1749e415e5bfbb0ae468df0bfc1') in 0.125667 seconds 
  Import took 0.128725 seconds .

========================================================================
Received Import Request.
  Time since last request: 138.817207 seconds.
  path: Assets/Ressources/Prefabs/TheSnowman.prefab
  artifactKey: Guid(c58cadd4203850e4eac0d9e599bacecc) Importer(815301076,1909f56bfc062723c751e8b465ee728b)
Start importing Assets/Ressources/Prefabs/TheSnowman.prefab using Guid(c58cadd4203850e4eac0d9e599bacecc) Importer(815301076,1909f56bfc062723c751e8b465ee728b)  -> (artifact id: '42a9ad73335b463e47fbd1bc79a551a3') in 0.032652 seconds 
  Import took 0.036830 seconds .

========================================================================
Received Import Request.
  Time since last request: 5.414665 seconds.
  path: Assets/Ressources/Prefabs/TheSnowman.prefab
  artifactKey: Guid(c58cadd4203850e4eac0d9e599bacecc) Importer(815301076,1909f56bfc062723c751e8b465ee728b)
Start importing Assets/Ressources/Prefabs/TheSnowman.prefab using Guid(c58cadd4203850e4eac0d9e599bacecc) Importer(815301076,1909f56bfc062723c751e8b465ee728b)  -> (artifact id: 'c6e79a9d8c61dd07d093c602322ea4b9') in 0.032514 seconds 
  Import took 0.038815 seconds .

========================================================================
Received Import Request.
  Time since last request: 25.226748 seconds.
  path: Assets/Ressources/Prefabs/TheSnowman.prefab
  artifactKey: Guid(c58cadd4203850e4eac0d9e599bacecc) Importer(815301076,1909f56bfc062723c751e8b465ee728b)
Start importing Assets/Ressources/Prefabs/TheSnowman.prefab using Guid(c58cadd4203850e4eac0d9e599bacecc) Importer(815301076,1909f56bfc062723c751e8b465ee728b)  -> (artifact id: 'a472f29d91b839e6b3e569eed2433db8') in 0.033039 seconds 
  Import took 0.037099 seconds .

========================================================================
Received Import Request.
  Time since last request: 18.368543 seconds.
  path: Assets/Ressources/Prefabs/TheSnowman.prefab
  artifactKey: Guid(c58cadd4203850e4eac0d9e599bacecc) Importer(815301076,1909f56bfc062723c751e8b465ee728b)
Start importing Assets/Ressources/Prefabs/TheSnowman.prefab using Guid(c58cadd4203850e4eac0d9e599bacecc) Importer(815301076,1909f56bfc062723c751e8b465ee728b)  -> (artifact id: '3cbea7cdf29df6c4e5aa8fd000df5f36') in 0.029322 seconds 
  Import took 0.033222 seconds .

========================================================================
Received Import Request.
  Time since last request: 6.043721 seconds.
  path: Assets/Ressources/Prefabs/TheSnowman.prefab
  artifactKey: Guid(c58cadd4203850e4eac0d9e599bacecc) Importer(815301076,1909f56bfc062723c751e8b465ee728b)
Start importing Assets/Ressources/Prefabs/TheSnowman.prefab using Guid(c58cadd4203850e4eac0d9e599bacecc) Importer(815301076,1909f56bfc062723c751e8b465ee728b)  -> (artifact id: 'ba0323e5f12eb5beaffc2cae349eb141') in 0.022628 seconds 
  Import took 0.026644 seconds .

========================================================================
Received Import Request.
  Time since last request: 5.211206 seconds.
  path: Assets/Ressources/Prefabs/TheSnowman.prefab
  artifactKey: Guid(c58cadd4203850e4eac0d9e599bacecc) Importer(815301076,1909f56bfc062723c751e8b465ee728b)
Start importing Assets/Ressources/Prefabs/TheSnowman.prefab using Guid(c58cadd4203850e4eac0d9e599bacecc) Importer(815301076,1909f56bfc062723c751e8b465ee728b)  -> (artifact id: '85d9867d016b3100c62d4239b6cc9fde') in 0.022852 seconds 
  Import took 0.026864 seconds .

========================================================================
Received Import Request.
  Time since last request: 730.673103 seconds.
  path: Assets/Ressources/Prefabs/TheSnowman (1) Variant.prefab
  artifactKey: Guid(48ad6994ca5446047b035b5c3b33f05e) Importer(815301076,1909f56bfc062723c751e8b465ee728b)
Start importing Assets/Ressources/Prefabs/TheSnowman (1) Variant.prefab using Guid(48ad6994ca5446047b035b5c3b33f05e) Importer(815301076,1909f56bfc062723c751e8b465ee728b)  -> (artifact id: '1b928f2ef66c889f8cc14e204163a629') in 0.068331 seconds 
  Import took 0.072515 seconds .

========================================================================
Received Import Request.
  Time since last request: 70.276589 seconds.
  path: Assets/Ressources/Prefabs/TheSnowman (1) Variant.prefab
  artifactKey: Guid(48ad6994ca5446047b035b5c3b33f05e) Importer(815301076,1909f56bfc062723c751e8b465ee728b)
Start importing Assets/Ressources/Prefabs/TheSnowman (1) Variant.prefab using Guid(48ad6994ca5446047b035b5c3b33f05e) Importer(815301076,1909f56bfc062723c751e8b465ee728b)  -> (artifact id: 'daa9e79cb0de51c7ead89586ced301e7') in 0.024003 seconds 
  Import took 0.027077 seconds .

========================================================================
Received Import Request.
  Time since last request: 0.000288 seconds.
  path: Assets/Ressources/Prefabs/TheSnowman.prefab
  artifactKey: Guid(c58cadd4203850e4eac0d9e599bacecc) Importer(815301076,1909f56bfc062723c751e8b465ee728b)
Start importing Assets/Ressources/Prefabs/TheSnowman.prefab using Guid(c58cadd4203850e4eac0d9e599bacecc) Importer(815301076,1909f56bfc062723c751e8b465ee728b)  -> (artifact id: '089173535821f07feff0d01b55a7ad66') in 0.032697 seconds 
  Import took 0.036362 seconds .

========================================================================
Received Import Request.
  Time since last request: 2.926338 seconds.
  path: Assets/Ressources/Prefabs/TheSnowman (1) Variant.prefab
  artifactKey: Guid(48ad6994ca5446047b035b5c3b33f05e) Importer(815301076,1909f56bfc062723c751e8b465ee728b)
Start importing Assets/Ressources/Prefabs/TheSnowman (1) Variant.prefab using Guid(48ad6994ca5446047b035b5c3b33f05e) Importer(815301076,1909f56bfc062723c751e8b465ee728b)  -> (artifact id: '66c79bbbb25f43dae34a65d86852ded9') in 0.026021 seconds 
  Import took 0.029802 seconds .

========================================================================
Received Import Request.
  Time since last request: 0.000286 seconds.
  path: Assets/Ressources/Prefabs/TheSnowman.prefab
  artifactKey: Guid(c58cadd4203850e4eac0d9e599bacecc) Importer(815301076,1909f56bfc062723c751e8b465ee728b)
Start importing Assets/Ressources/Prefabs/TheSnowman.prefab using Guid(c58cadd4203850e4eac0d9e599bacecc) Importer(815301076,1909f56bfc062723c751e8b465ee728b)  -> (artifact id: '9cab25cbfdfec75c7f2e99a28d0d48bd') in 0.028738 seconds 
  Import took 0.032835 seconds .

========================================================================
Received Import Request.
  Time since last request: 2.242453 seconds.
  path: Assets/Ressources/Prefabs/TheSnowman (1) Variant.prefab
  artifactKey: Guid(48ad6994ca5446047b035b5c3b33f05e) Importer(815301076,1909f56bfc062723c751e8b465ee728b)
Start importing Assets/Ressources/Prefabs/TheSnowman (1) Variant.prefab using Guid(48ad6994ca5446047b035b5c3b33f05e) Importer(815301076,1909f56bfc062723c751e8b465ee728b)  -> (artifact id: 'a8650fe53f4db92661f814dc2cd46e78') in 0.029643 seconds 
  Import took 0.034067 seconds .

========================================================================
Received Import Request.
  Time since last request: 0.000386 seconds.
  path: Assets/Ressources/Prefabs/TheSnowman.prefab
  artifactKey: Guid(c58cadd4203850e4eac0d9e599bacecc) Importer(815301076,1909f56bfc062723c751e8b465ee728b)
Start importing Assets/Ressources/Prefabs/TheSnowman.prefab using Guid(c58cadd4203850e4eac0d9e599bacecc) Importer(815301076,1909f56bfc062723c751e8b465ee728b)  -> (artifact id: 'edf5ae46c0e5bab21c1bb2d72ec68ab0') in 0.023430 seconds 
  Import took 0.026736 seconds .

========================================================================
Received Import Request.
  Time since last request: 4.676642 seconds.
  path: Assets/Ressources/Prefabs/TheSnowman (1) Variant.prefab
  artifactKey: Guid(48ad6994ca5446047b035b5c3b33f05e) Importer(815301076,1909f56bfc062723c751e8b465ee728b)
Start importing Assets/Ressources/Prefabs/TheSnowman (1) Variant.prefab using Guid(48ad6994ca5446047b035b5c3b33f05e) Importer(815301076,1909f56bfc062723c751e8b465ee728b)  -> (artifact id: '0099bca217cc60c70cf9293299e0f10a') in 0.024323 seconds 
  Import took 0.030343 seconds .

========================================================================
Received Import Request.
  Time since last request: 0.000340 seconds.
  path: Assets/Ressources/Prefabs/TheSnowman.prefab
  artifactKey: Guid(c58cadd4203850e4eac0d9e599bacecc) Importer(815301076,1909f56bfc062723c751e8b465ee728b)
Start importing Assets/Ressources/Prefabs/TheSnowman.prefab using Guid(c58cadd4203850e4eac0d9e599bacecc) Importer(815301076,1909f56bfc062723c751e8b465ee728b)  -> (artifact id: 'ff1391742333cb99d2012e5ea81df768') in 0.020713 seconds 
  Import took 0.024118 seconds .

========================================================================
Received Import Request.
  Time since last request: 5.242717 seconds.
  path: Assets/Ressources/Prefabs/TheSnowman (1) Variant.prefab
  artifactKey: Guid(48ad6994ca5446047b035b5c3b33f05e) Importer(815301076,1909f56bfc062723c751e8b465ee728b)
Start importing Assets/Ressources/Prefabs/TheSnowman (1) Variant.prefab using Guid(48ad6994ca5446047b035b5c3b33f05e) Importer(815301076,1909f56bfc062723c751e8b465ee728b)  -> (artifact id: '0d262069b9430749b62ec202ed359d3f') in 0.021326 seconds 
  Import took 0.025431 seconds .

========================================================================
Received Import Request.
  Time since last request: 0.000300 seconds.
  path: Assets/Ressources/Prefabs/TheSnowman.prefab
  artifactKey: Guid(c58cadd4203850e4eac0d9e599bacecc) Importer(815301076,1909f56bfc062723c751e8b465ee728b)
Start importing Assets/Ressources/Prefabs/TheSnowman.prefab using Guid(c58cadd4203850e4eac0d9e599bacecc) Importer(815301076,1909f56bfc062723c751e8b465ee728b)  -> (artifact id: '0f91e48909a7a477fb40baa95fba55ff') in 0.022322 seconds 
  Import took 0.027232 seconds .

========================================================================
Received Import Request.
  Time since last request: 1.161577 seconds.
  path: Assets/Ressources/Prefabs/TheSnowman (1) Variant.prefab
  artifactKey: Guid(48ad6994ca5446047b035b5c3b33f05e) Importer(815301076,1909f56bfc062723c751e8b465ee728b)
Start importing Assets/Ressources/Prefabs/TheSnowman (1) Variant.prefab using Guid(48ad6994ca5446047b035b5c3b33f05e) Importer(815301076,1909f56bfc062723c751e8b465ee728b)  -> (artifact id: 'fb36c7e41e9f2acd8799a188f41fd64c') in 0.021520 seconds 
  Import took 0.025063 seconds .

========================================================================
Received Import Request.
  Time since last request: 0.000260 seconds.
  path: Assets/Ressources/Prefabs/TheSnowman.prefab
  artifactKey: Guid(c58cadd4203850e4eac0d9e599bacecc) Importer(815301076,1909f56bfc062723c751e8b465ee728b)
Start importing Assets/Ressources/Prefabs/TheSnowman.prefab using Guid(c58cadd4203850e4eac0d9e599bacecc) Importer(815301076,1909f56bfc062723c751e8b465ee728b)  -> (artifact id: '8cc610138cc31296a0f172d9ca65e0b5') in 0.018118 seconds 
  Import took 0.021709 seconds .

========================================================================
Received Import Request.
  Time since last request: 13.480766 seconds.
  path: Assets/Ressources/Prefabs/TheSnowman (1) Variant.prefab
  artifactKey: Guid(48ad6994ca5446047b035b5c3b33f05e) Importer(815301076,1909f56bfc062723c751e8b465ee728b)
Start importing Assets/Ressources/Prefabs/TheSnowman (1) Variant.prefab using Guid(48ad6994ca5446047b035b5c3b33f05e) Importer(815301076,1909f56bfc062723c751e8b465ee728b)  -> (artifact id: '93cd16ff3b3e8e7024e912c9eb305e88') in 0.027579 seconds 
  Import took 0.031447 seconds .

========================================================================
Received Import Request.
  Time since last request: 0.000352 seconds.
  path: Assets/Ressources/Prefabs/TheSnowman.prefab
  artifactKey: Guid(c58cadd4203850e4eac0d9e599bacecc) Importer(815301076,1909f56bfc062723c751e8b465ee728b)
Start importing Assets/Ressources/Prefabs/TheSnowman.prefab using Guid(c58cadd4203850e4eac0d9e599bacecc) Importer(815301076,1909f56bfc062723c751e8b465ee728b)  -> (artifact id: 'eca3d32c21c4ece595256c796c63e5e1') in 0.025928 seconds 
  Import took 0.031679 seconds .

========================================================================
Received Import Request.
  Time since last request: 5.028613 seconds.
  path: Assets/Ressources/Prefabs/TheSnowman (1) Variant.prefab
  artifactKey: Guid(48ad6994ca5446047b035b5c3b33f05e) Importer(815301076,1909f56bfc062723c751e8b465ee728b)
Start importing Assets/Ressources/Prefabs/TheSnowman (1) Variant.prefab using Guid(48ad6994ca5446047b035b5c3b33f05e) Importer(815301076,1909f56bfc062723c751e8b465ee728b)  -> (artifact id: '5ab7d34d2c94c20825bca580fe8e364a') in 0.026506 seconds 
  Import took 0.029846 seconds .

========================================================================
Received Import Request.
  Time since last request: 0.000377 seconds.
  path: Assets/Ressources/Prefabs/TheSnowman.prefab
  artifactKey: Guid(c58cadd4203850e4eac0d9e599bacecc) Importer(815301076,1909f56bfc062723c751e8b465ee728b)
Start importing Assets/Ressources/Prefabs/TheSnowman.prefab using Guid(c58cadd4203850e4eac0d9e599bacecc) Importer(815301076,1909f56bfc062723c751e8b465ee728b)  -> (artifact id: 'a96563f18ea187314d3c692e4eebd158') in 0.024980 seconds 
  Import took 0.029036 seconds .

========================================================================
Received Import Request.
  Time since last request: 5.418249 seconds.
  path: Assets/Ressources/Prefabs/TheSnowman (1) Variant.prefab
  artifactKey: Guid(48ad6994ca5446047b035b5c3b33f05e) Importer(815301076,1909f56bfc062723c751e8b465ee728b)
Start importing Assets/Ressources/Prefabs/TheSnowman (1) Variant.prefab using Guid(48ad6994ca5446047b035b5c3b33f05e) Importer(815301076,1909f56bfc062723c751e8b465ee728b)  -> (artifact id: 'd9a4b1f051583c20301d3d90e58e7556') in 0.021170 seconds 
  Import took 0.025159 seconds .

========================================================================
Received Import Request.
  Time since last request: 0.000289 seconds.
  path: Assets/Ressources/Prefabs/TheSnowman.prefab
  artifactKey: Guid(c58cadd4203850e4eac0d9e599bacecc) Importer(815301076,1909f56bfc062723c751e8b465ee728b)
Start importing Assets/Ressources/Prefabs/TheSnowman.prefab using Guid(c58cadd4203850e4eac0d9e599bacecc) Importer(815301076,1909f56bfc062723c751e8b465ee728b)  -> (artifact id: '3c2b267b58e7651f2f8061d7863cbe78') in 0.021231 seconds 
  Import took 0.024573 seconds .

========================================================================
Received Import Request.
  Time since last request: 2.178159 seconds.
  path: Assets/Ressources/Prefabs/TheSnowman (1) Variant.prefab
  artifactKey: Guid(48ad6994ca5446047b035b5c3b33f05e) Importer(815301076,1909f56bfc062723c751e8b465ee728b)
Start importing Assets/Ressources/Prefabs/TheSnowman (1) Variant.prefab using Guid(48ad6994ca5446047b035b5c3b33f05e) Importer(815301076,1909f56bfc062723c751e8b465ee728b)  -> (artifact id: 'ad91c66e0923c921cd57e7ac35a9f34b') in 0.021355 seconds 
  Import took 0.026184 seconds .

========================================================================
Received Import Request.
  Time since last request: 0.000365 seconds.
  path: Assets/Ressources/Prefabs/TheSnowman.prefab
  artifactKey: Guid(c58cadd4203850e4eac0d9e599bacecc) Importer(815301076,1909f56bfc062723c751e8b465ee728b)
Start importing Assets/Ressources/Prefabs/TheSnowman.prefab using Guid(c58cadd4203850e4eac0d9e599bacecc) Importer(815301076,1909f56bfc062723c751e8b465ee728b)  -> (artifact id: '0154b7c17b0e9435ea78796230a7f757') in 0.018419 seconds 
  Import took 0.022170 seconds .

========================================================================
Received Import Request.
  Time since last request: 4.812226 seconds.
  path: Assets/Ressources/Prefabs/TheSnowman (1) Variant.prefab
  artifactKey: Guid(48ad6994ca5446047b035b5c3b33f05e) Importer(815301076,1909f56bfc062723c751e8b465ee728b)
Start importing Assets/Ressources/Prefabs/TheSnowman (1) Variant.prefab using Guid(48ad6994ca5446047b035b5c3b33f05e) Importer(815301076,1909f56bfc062723c751e8b465ee728b)  -> (artifact id: '4dccfdb9834dd0bb35f110e5fbc53dfa') in 0.024876 seconds 
  Import took 0.028839 seconds .

========================================================================
Received Import Request.
  Time since last request: 0.000399 seconds.
  path: Assets/Ressources/Prefabs/TheSnowman.prefab
  artifactKey: Guid(c58cadd4203850e4eac0d9e599bacecc) Importer(815301076,1909f56bfc062723c751e8b465ee728b)
Start importing Assets/Ressources/Prefabs/TheSnowman.prefab using Guid(c58cadd4203850e4eac0d9e599bacecc) Importer(815301076,1909f56bfc062723c751e8b465ee728b)  -> (artifact id: '389e7e6d20b3351bf15ceb19aef0e7c1') in 0.028369 seconds 
  Import took 0.031910 seconds .

========================================================================
Received Import Request.
  Time since last request: 7.018528 seconds.
  path: Assets/Ressources/Prefabs/TheSnowman (1) Variant.prefab
  artifactKey: Guid(48ad6994ca5446047b035b5c3b33f05e) Importer(815301076,1909f56bfc062723c751e8b465ee728b)
Start importing Assets/Ressources/Prefabs/TheSnowman (1) Variant.prefab using Guid(48ad6994ca5446047b035b5c3b33f05e) Importer(815301076,1909f56bfc062723c751e8b465ee728b)  -> (artifact id: '664ab2c13c7115c8ecf6a2250754114b') in 0.021423 seconds 
  Import took 0.024843 seconds .

========================================================================
Received Import Request.
  Time since last request: 0.000286 seconds.
  path: Assets/Ressources/Prefabs/TheSnowman.prefab
  artifactKey: Guid(c58cadd4203850e4eac0d9e599bacecc) Importer(815301076,1909f56bfc062723c751e8b465ee728b)
Start importing Assets/Ressources/Prefabs/TheSnowman.prefab using Guid(c58cadd4203850e4eac0d9e599bacecc) Importer(815301076,1909f56bfc062723c751e8b465ee728b)  -> (artifact id: 'fb402cf927b40d9dc46a7f664c6f0fc7') in 0.020181 seconds 
  Import took 0.023316 seconds .

========================================================================
Received Import Request.
  Time since last request: 1.966870 seconds.
  path: Assets/Ressources/Prefabs/TheSnowman (1) Variant.prefab
  artifactKey: Guid(48ad6994ca5446047b035b5c3b33f05e) Importer(815301076,1909f56bfc062723c751e8b465ee728b)
Start importing Assets/Ressources/Prefabs/TheSnowman (1) Variant.prefab using Guid(48ad6994ca5446047b035b5c3b33f05e) Importer(815301076,1909f56bfc062723c751e8b465ee728b)  -> (artifact id: 'b281f246d6c7e3fe88578379ae66c00f') in 0.024316 seconds 
  Import took 0.028247 seconds .

========================================================================
Received Import Request.
  Time since last request: 0.000362 seconds.
  path: Assets/Ressources/Prefabs/TheSnowman.prefab
  artifactKey: Guid(c58cadd4203850e4eac0d9e599bacecc) Importer(815301076,1909f56bfc062723c751e8b465ee728b)
Start importing Assets/Ressources/Prefabs/TheSnowman.prefab using Guid(c58cadd4203850e4eac0d9e599bacecc) Importer(815301076,1909f56bfc062723c751e8b465ee728b)  -> (artifact id: '1be0b9066a0ec06d8ec8acf92ad9db1d') in 0.022685 seconds 
  Import took 0.026744 seconds .

========================================================================
Received Import Request.
  Time since last request: 2.799917 seconds.
  path: Assets/Ressources/Prefabs/TheSnowman (1) Variant.prefab
  artifactKey: Guid(48ad6994ca5446047b035b5c3b33f05e) Importer(815301076,1909f56bfc062723c751e8b465ee728b)
Start importing Assets/Ressources/Prefabs/TheSnowman (1) Variant.prefab using Guid(48ad6994ca5446047b035b5c3b33f05e) Importer(815301076,1909f56bfc062723c751e8b465ee728b)  -> (artifact id: 'b4dc119f3a8dd8d128bcee559062fb2c') in 0.038468 seconds 
  Import took 0.044227 seconds .

========================================================================
Received Import Request.
  Time since last request: 0.000376 seconds.
  path: Assets/Ressources/Prefabs/TheSnowman.prefab
  artifactKey: Guid(c58cadd4203850e4eac0d9e599bacecc) Importer(815301076,1909f56bfc062723c751e8b465ee728b)
Start importing Assets/Ressources/Prefabs/TheSnowman.prefab using Guid(c58cadd4203850e4eac0d9e599bacecc) Importer(815301076,1909f56bfc062723c751e8b465ee728b)  -> (artifact id: 'ad115640feab1b15d6303fbe07e0ee1c') in 0.034318 seconds 
  Import took 0.039128 seconds .

========================================================================
Received Import Request.
  Time since last request: 3.991677 seconds.
  path: Assets/Ressources/Prefabs/TheSnowman (1) Variant.prefab
  artifactKey: Guid(48ad6994ca5446047b035b5c3b33f05e) Importer(815301076,1909f56bfc062723c751e8b465ee728b)
Start importing Assets/Ressources/Prefabs/TheSnowman (1) Variant.prefab using Guid(48ad6994ca5446047b035b5c3b33f05e) Importer(815301076,1909f56bfc062723c751e8b465ee728b)  -> (artifact id: '5e76d20dcea428e1023634e6619ad2d7') in 0.028262 seconds 
  Import took 0.032371 seconds .

========================================================================
Received Import Request.
  Time since last request: 0.000353 seconds.
  path: Assets/Ressources/Prefabs/TheSnowman.prefab
  artifactKey: Guid(c58cadd4203850e4eac0d9e599bacecc) Importer(815301076,1909f56bfc062723c751e8b465ee728b)
Start importing Assets/Ressources/Prefabs/TheSnowman.prefab using Guid(c58cadd4203850e4eac0d9e599bacecc) Importer(815301076,1909f56bfc062723c751e8b465ee728b)  -> (artifact id: 'd59ad7c465f6d2534ccd1e6359703e24') in 0.024879 seconds 
  Import took 0.028566 seconds .

========================================================================
Received Import Request.
  Time since last request: 11.308229 seconds.
  path: Assets/Ressources/Prefabs/TheSnowman (1) Variant.prefab
  artifactKey: Guid(48ad6994ca5446047b035b5c3b33f05e) Importer(815301076,1909f56bfc062723c751e8b465ee728b)
Start importing Assets/Ressources/Prefabs/TheSnowman (1) Variant.prefab using Guid(48ad6994ca5446047b035b5c3b33f05e) Importer(815301076,1909f56bfc062723c751e8b465ee728b)  -> (artifact id: 'cd60569b95033c34c8dc5929df735ff5') in 0.028981 seconds 
  Import took 0.032770 seconds .

========================================================================
Received Import Request.
  Time since last request: 0.000319 seconds.
  path: Assets/Ressources/Prefabs/TheSnowman.prefab
  artifactKey: Guid(c58cadd4203850e4eac0d9e599bacecc) Importer(815301076,1909f56bfc062723c751e8b465ee728b)
Start importing Assets/Ressources/Prefabs/TheSnowman.prefab using Guid(c58cadd4203850e4eac0d9e599bacecc) Importer(815301076,1909f56bfc062723c751e8b465ee728b)  -> (artifact id: 'c57543d339cf92649a7320807f3adf82') in 0.026406 seconds 
  Import took 0.029839 seconds .

========================================================================
Received Import Request.
  Time since last request: 2.181985 seconds.
  path: Assets/Ressources/Prefabs/TheSnowman (1) Variant.prefab
  artifactKey: Guid(48ad6994ca5446047b035b5c3b33f05e) Importer(815301076,1909f56bfc062723c751e8b465ee728b)
Start importing Assets/Ressources/Prefabs/TheSnowman (1) Variant.prefab using Guid(48ad6994ca5446047b035b5c3b33f05e) Importer(815301076,1909f56bfc062723c751e8b465ee728b)  -> (artifact id: '726da7a70f0d075af14ad6cfb53d3856') in 0.025898 seconds 
  Import took 0.029573 seconds .

========================================================================
Received Import Request.
  Time since last request: 0.000321 seconds.
  path: Assets/Ressources/Prefabs/TheSnowman.prefab
  artifactKey: Guid(c58cadd4203850e4eac0d9e599bacecc) Importer(815301076,1909f56bfc062723c751e8b465ee728b)
Start importing Assets/Ressources/Prefabs/TheSnowman.prefab using Guid(c58cadd4203850e4eac0d9e599bacecc) Importer(815301076,1909f56bfc062723c751e8b465ee728b)  -> (artifact id: '4454be66df38cdcb2568a11649b4b7b7') in 0.030545 seconds 
  Import took 0.034157 seconds .

========================================================================
Received Import Request.
  Time since last request: 2.567378 seconds.
  path: Assets/Ressources/Prefabs/TheSnowman (1) Variant.prefab
  artifactKey: Guid(48ad6994ca5446047b035b5c3b33f05e) Importer(815301076,1909f56bfc062723c751e8b465ee728b)
Start importing Assets/Ressources/Prefabs/TheSnowman (1) Variant.prefab using Guid(48ad6994ca5446047b035b5c3b33f05e) Importer(815301076,1909f56bfc062723c751e8b465ee728b)  -> (artifact id: '2778fceef94c2568684c945447d9b5bd') in 0.024806 seconds 
  Import took 0.029151 seconds .

========================================================================
Received Import Request.
  Time since last request: 0.000309 seconds.
  path: Assets/Ressources/Prefabs/TheSnowman.prefab
  artifactKey: Guid(c58cadd4203850e4eac0d9e599bacecc) Importer(815301076,1909f56bfc062723c751e8b465ee728b)
Start importing Assets/Ressources/Prefabs/TheSnowman.prefab using Guid(c58cadd4203850e4eac0d9e599bacecc) Importer(815301076,1909f56bfc062723c751e8b465ee728b)  -> (artifact id: 'cb6aa872c908d803e512f836ad4b5441') in 0.022880 seconds 
  Import took 0.026373 seconds .

========================================================================
Received Import Request.
  Time since last request: 3.178272 seconds.
  path: Assets/Ressources/Prefabs/TheSnowman (1) Variant.prefab
  artifactKey: Guid(48ad6994ca5446047b035b5c3b33f05e) Importer(815301076,1909f56bfc062723c751e8b465ee728b)
Start importing Assets/Ressources/Prefabs/TheSnowman (1) Variant.prefab using Guid(48ad6994ca5446047b035b5c3b33f05e) Importer(815301076,1909f56bfc062723c751e8b465ee728b)  -> (artifact id: '55e83431feece0601fcf2374ac4e0911') in 0.026245 seconds 
  Import took 0.031342 seconds .

========================================================================
Received Import Request.
  Time since last request: 0.000530 seconds.
  path: Assets/Ressources/Prefabs/TheSnowman.prefab
  artifactKey: Guid(c58cadd4203850e4eac0d9e599bacecc) Importer(815301076,1909f56bfc062723c751e8b465ee728b)
Start importing Assets/Ressources/Prefabs/TheSnowman.prefab using Guid(c58cadd4203850e4eac0d9e599bacecc) Importer(815301076,1909f56bfc062723c751e8b465ee728b)  -> (artifact id: 'cb44bc91895ffac2f39e5cd54143ecaa') in 0.027711 seconds 
  Import took 0.032216 seconds .

========================================================================
Received Prepare
Registering precompiled user dll's ...
Registered in 0.011678 seconds.
Begin MonoManager ReloadAssembly
Native extension for WindowsStandalone target not found
Native extension for WebGL target not found
Refreshing native plugins compatible for Editor in 0.40 ms, found 2 plugins.
Preloading 0 native plugins for Editor in 0.00 ms.
Mono: successfully reloaded assembly
- Completed reload, in  1.219 seconds
Domain Reload Profiling:
	ReloadAssembly (1219ms)
		BeginReloadAssembly (124ms)
			ExecutionOrderSort (0ms)
			DisableScriptedObjects (5ms)
			BackupInstance (0ms)
			ReleaseScriptingObjects (0ms)
			CreateAndSetChildDomain (36ms)
		EndReloadAssembly (1014ms)
			LoadAssemblies (103ms)
			RebuildTransferFunctionScriptingTraits (0ms)
			SetupTypeCache (335ms)
			ReleaseScriptCaches (1ms)
			RebuildScriptCaches (60ms)
			SetupLoadedEditorAssemblies (366ms)
				LogAssemblyErrors (0ms)
				InitializePlatformSupportModulesInManaged (8ms)
				SetLoadedEditorAssemblies (0ms)
				RefreshPlugins (0ms)
				BeforeProcessingInitializeOnLoad (102ms)
				ProcessInitializeOnLoadAttributes (234ms)
				ProcessInitializeOnLoadMethodAttributes (11ms)
				AfterProcessingInitializeOnLoad (9ms)
				EditorAssembliesLoaded (0ms)
			ExecutionOrderSort2 (0ms)
			AwakeInstancesAfterBackupRestoration (9ms)
Platform modules already initialized, skipping
Refreshing native plugins compatible for Editor in 0.51 ms, found 2 plugins.
Preloading 0 native plugins for Editor in 0.00 ms.
Unloading 1483 Unused Serialized files (Serialized files now loaded: 0)
System memory in use before: 70.7 MB.
System memory in use after: 70.8 MB.

Unloading 14 unused Assets to reduce memory usage. Loaded Objects now: 1975.
Total: 4.269400 ms (FindLiveObjects: 0.209000 ms CreateObjectMapping: 0.038600 ms MarkObjects: 3.990800 ms  DeleteObjects: 0.029100 ms)

AssetImportParameters requested are different than current active one (requested -> active):
  custom:framework-win-MediaFoundation: 216162199b28c13a410421893ffa2e32 -> 
  custom:video-decoder-ogg-theora: a1e56fd34408186e4bbccfd4996cb3dc -> 
  custom:container-muxer-webm: aa71ff27fc2769a1b78a27578f13a17b -> 
  custom:container-demuxer-webm: 4f35f7cbe854078d1ac9338744f61a02 -> 
  custom:container-demuxer-ogg: 62fdf1f143b41e24485cea50d1cbac27 -> 
  custom:video-encoder-webm-vp8: eb34c28f22e8b96e1ab97ce403110664 -> 
  custom:video-decoder-webm-vp8: 9c59270c3fd7afecdb556c50c9e8de78 -> 
  custom:audio-decoder-ogg-vorbis: bf7c407c2cedff20999df2af8eb42d56 -> 
  custom:audio-encoder-webm-vorbis: bf7c407c2cedff20999df2af8eb42d56 -> 
========================================================================
Received Import Request.
  Time since last request: 219.069570 seconds.
  path: Assets/Ressources/Prefabs/TheSnowman (1) Variant.prefab
  artifactKey: Guid(48ad6994ca5446047b035b5c3b33f05e) Importer(815301076,1909f56bfc062723c751e8b465ee728b)
Start importing Assets/Ressources/Prefabs/TheSnowman (1) Variant.prefab using Guid(48ad6994ca5446047b035b5c3b33f05e) Importer(815301076,1909f56bfc062723c751e8b465ee728b)  -> (artifact id: 'a0a0879407ebd647daae1d93b9af18b0') in 0.079213 seconds 
  Import took 0.082766 seconds .

========================================================================
Received Import Request.
  Time since last request: 0.000349 seconds.
  path: Assets/Ressources/Prefabs/TheSnowman.prefab
  artifactKey: Guid(c58cadd4203850e4eac0d9e599bacecc) Importer(815301076,1909f56bfc062723c751e8b465ee728b)
Start importing Assets/Ressources/Prefabs/TheSnowman.prefab using Guid(c58cadd4203850e4eac0d9e599bacecc) Importer(815301076,1909f56bfc062723c751e8b465ee728b)  -> (artifact id: '3695f9d5ce4b21c9dd5642d69188f31b') in 0.018013 seconds 
  Import took 0.021639 seconds .

========================================================================
Received Import Request.
  Time since last request: 5.790143 seconds.
  path: Assets/Ressources/Prefabs/TheSnowman (1) Variant.prefab
  artifactKey: Guid(48ad6994ca5446047b035b5c3b33f05e) Importer(815301076,1909f56bfc062723c751e8b465ee728b)
Start importing Assets/Ressources/Prefabs/TheSnowman (1) Variant.prefab using Guid(48ad6994ca5446047b035b5c3b33f05e) Importer(815301076,1909f56bfc062723c751e8b465ee728b)  -> (artifact id: 'f028d1d85847d933d8f3f59fc32f90f1') in 0.022432 seconds 
  Import took 0.026372 seconds .

========================================================================
Received Import Request.
  Time since last request: 0.000317 seconds.
  path: Assets/Ressources/Prefabs/TheSnowman.prefab
  artifactKey: Guid(c58cadd4203850e4eac0d9e599bacecc) Importer(815301076,1909f56bfc062723c751e8b465ee728b)
Start importing Assets/Ressources/Prefabs/TheSnowman.prefab using Guid(c58cadd4203850e4eac0d9e599bacecc) Importer(815301076,1909f56bfc062723c751e8b465ee728b)  -> (artifact id: 'ef65a7e96bc40c0fbc676083de4ae750') in 0.020985 seconds 
  Import took 0.024409 seconds .

========================================================================
Received Import Request.
  Time since last request: 5.709200 seconds.
  path: Assets/Ressources/Prefabs/TheSnowman (1) Variant.prefab
  artifactKey: Guid(48ad6994ca5446047b035b5c3b33f05e) Importer(815301076,1909f56bfc062723c751e8b465ee728b)
Start importing Assets/Ressources/Prefabs/TheSnowman (1) Variant.prefab using Guid(48ad6994ca5446047b035b5c3b33f05e) Importer(815301076,1909f56bfc062723c751e8b465ee728b)  -> (artifact id: '399f647ee7806d0ec10201b8ed9a62be') in 0.020332 seconds 
  Import took 0.025847 seconds .

========================================================================
Received Import Request.
  Time since last request: 0.000321 seconds.
  path: Assets/Ressources/Prefabs/TheSnowman.prefab
  artifactKey: Guid(c58cadd4203850e4eac0d9e599bacecc) Importer(815301076,1909f56bfc062723c751e8b465ee728b)
Start importing Assets/Ressources/Prefabs/TheSnowman.prefab using Guid(c58cadd4203850e4eac0d9e599bacecc) Importer(815301076,1909f56bfc062723c751e8b465ee728b)  -> (artifact id: '3f216d285840da204ed5e4b9ff8e9448') in 0.019221 seconds 
  Import took 0.022951 seconds .

========================================================================
Received Import Request.
  Time since last request: 11.155909 seconds.
  path: Assets/Ressources/Prefabs/TheSnowman (1) Variant.prefab
  artifactKey: Guid(48ad6994ca5446047b035b5c3b33f05e) Importer(815301076,1909f56bfc062723c751e8b465ee728b)
Start importing Assets/Ressources/Prefabs/TheSnowman (1) Variant.prefab using Guid(48ad6994ca5446047b035b5c3b33f05e) Importer(815301076,1909f56bfc062723c751e8b465ee728b)  -> (artifact id: 'bfaa46393b16828d33486caded751455') in 0.021515 seconds 
  Import took 0.025583 seconds .

========================================================================
Received Import Request.
  Time since last request: 0.000310 seconds.
  path: Assets/Ressources/Prefabs/TheSnowman.prefab
  artifactKey: Guid(c58cadd4203850e4eac0d9e599bacecc) Importer(815301076,1909f56bfc062723c751e8b465ee728b)
Start importing Assets/Ressources/Prefabs/TheSnowman.prefab using Guid(c58cadd4203850e4eac0d9e599bacecc) Importer(815301076,1909f56bfc062723c751e8b465ee728b)  -> (artifact id: '11a8c14b3e3c66359430e6908b5d2cee') in 0.022244 seconds 
  Import took 0.025936 seconds .

========================================================================
Received Import Request.
  Time since last request: 12.971195 seconds.
  path: Assets/Ressources/Prefabs/TheSnowman (1) Variant.prefab
  artifactKey: Guid(48ad6994ca5446047b035b5c3b33f05e) Importer(815301076,1909f56bfc062723c751e8b465ee728b)
Start importing Assets/Ressources/Prefabs/TheSnowman (1) Variant.prefab using Guid(48ad6994ca5446047b035b5c3b33f05e) Importer(815301076,1909f56bfc062723c751e8b465ee728b)  -> (artifact id: 'dccdebcaaa7298f966516c42cba31df0') in 0.023039 seconds 
  Import took 0.026694 seconds .

========================================================================
Received Import Request.
  Time since last request: 0.000278 seconds.
  path: Assets/Ressources/Prefabs/TheSnowman.prefab
  artifactKey: Guid(c58cadd4203850e4eac0d9e599bacecc) Importer(815301076,1909f56bfc062723c751e8b465ee728b)
Start importing Assets/Ressources/Prefabs/TheSnowman.prefab using Guid(c58cadd4203850e4eac0d9e599bacecc) Importer(815301076,1909f56bfc062723c751e8b465ee728b)  -> (artifact id: '99127e565742e74c90dd5cdcf8d1de35') in 0.018487 seconds 
  Import took 0.021828 seconds .

========================================================================
Received Import Request.
  Time since last request: 6.175737 seconds.
  path: Assets/Ressources/Prefabs/TheSnowman (1) Variant.prefab
  artifactKey: Guid(48ad6994ca5446047b035b5c3b33f05e) Importer(815301076,1909f56bfc062723c751e8b465ee728b)
Start importing Assets/Ressources/Prefabs/TheSnowman (1) Variant.prefab using Guid(48ad6994ca5446047b035b5c3b33f05e) Importer(815301076,1909f56bfc062723c751e8b465ee728b)  -> (artifact id: 'a9054a7bce1fa60d5daa4f3760beffbb') in 0.020565 seconds 
  Import took 0.024913 seconds .

========================================================================
Received Import Request.
  Time since last request: 0.000261 seconds.
  path: Assets/Ressources/Prefabs/TheSnowman.prefab
  artifactKey: Guid(c58cadd4203850e4eac0d9e599bacecc) Importer(815301076,1909f56bfc062723c751e8b465ee728b)
Start importing Assets/Ressources/Prefabs/TheSnowman.prefab using Guid(c58cadd4203850e4eac0d9e599bacecc) Importer(815301076,1909f56bfc062723c751e8b465ee728b)  -> (artifact id: '52b9d759981b2bd628f57e2b4415c687') in 0.021347 seconds 
  Import took 0.024686 seconds .

========================================================================
Received Import Request.
  Time since last request: 9.633229 seconds.
  path: Assets/Ressources/Prefabs/TheSnowman (1) Variant.prefab
  artifactKey: Guid(48ad6994ca5446047b035b5c3b33f05e) Importer(815301076,1909f56bfc062723c751e8b465ee728b)
Start importing Assets/Ressources/Prefabs/TheSnowman (1) Variant.prefab using Guid(48ad6994ca5446047b035b5c3b33f05e) Importer(815301076,1909f56bfc062723c751e8b465ee728b)  -> (artifact id: '84ddc266db025dec48d7ddaba30aa1a6') in 0.021342 seconds 
  Import took 0.025340 seconds .

========================================================================
Received Import Request.
  Time since last request: 0.000342 seconds.
  path: Assets/Ressources/Prefabs/TheSnowman.prefab
  artifactKey: Guid(c58cadd4203850e4eac0d9e599bacecc) Importer(815301076,1909f56bfc062723c751e8b465ee728b)
Start importing Assets/Ressources/Prefabs/TheSnowman.prefab using Guid(c58cadd4203850e4eac0d9e599bacecc) Importer(815301076,1909f56bfc062723c751e8b465ee728b)  -> (artifact id: '7cb8ef7078465306ad1d1d10b4bd1770') in 0.018516 seconds 
  Import took 0.021833 seconds .

========================================================================
Received Import Request.
  Time since last request: 4.844078 seconds.
  path: Assets/Ressources/Prefabs/TheSnowman (1) Variant.prefab
  artifactKey: Guid(48ad6994ca5446047b035b5c3b33f05e) Importer(815301076,1909f56bfc062723c751e8b465ee728b)
Start importing Assets/Ressources/Prefabs/TheSnowman (1) Variant.prefab using Guid(48ad6994ca5446047b035b5c3b33f05e) Importer(815301076,1909f56bfc062723c751e8b465ee728b)  -> (artifact id: '78390933bc16aa2fada1a63e6752d5e5') in 0.021252 seconds 
  Import took 0.024740 seconds .

========================================================================
Received Import Request.
  Time since last request: 0.000256 seconds.
  path: Assets/Ressources/Prefabs/TheSnowman.prefab
  artifactKey: Guid(c58cadd4203850e4eac0d9e599bacecc) Importer(815301076,1909f56bfc062723c751e8b465ee728b)
Start importing Assets/Ressources/Prefabs/TheSnowman.prefab using Guid(c58cadd4203850e4eac0d9e599bacecc) Importer(815301076,1909f56bfc062723c751e8b465ee728b)  -> (artifact id: '2c1f671d614ec4187940969d7b9eec5f') in 0.019915 seconds 
  Import took 0.023398 seconds .

========================================================================
Received Import Request.
  Time since last request: 183.268264 seconds.
  path: Assets/Ressources/Prefabs/TheSnowman (1) Variant.prefab
  artifactKey: Guid(48ad6994ca5446047b035b5c3b33f05e) Importer(815301076,1909f56bfc062723c751e8b465ee728b)
Start importing Assets/Ressources/Prefabs/TheSnowman (1) Variant.prefab using Guid(48ad6994ca5446047b035b5c3b33f05e) Importer(815301076,1909f56bfc062723c751e8b465ee728b)  -> (artifact id: '0b231081d68d0750d9f8445845b1b353') in 0.043522 seconds 
  Import took 0.048046 seconds .

========================================================================
Received Import Request.
  Time since last request: 7.617572 seconds.
  path: Assets/Ressources/Prefabs/TheSnowman (1) Variant.prefab
  artifactKey: Guid(48ad6994ca5446047b035b5c3b33f05e) Importer(815301076,1909f56bfc062723c751e8b465ee728b)
Start importing Assets/Ressources/Prefabs/TheSnowman (1) Variant.prefab using Guid(48ad6994ca5446047b035b5c3b33f05e) Importer(815301076,1909f56bfc062723c751e8b465ee728b)  -> (artifact id: '6e129563562424852494b1e96ec346b5') in 0.029317 seconds 
  Import took 0.033173 seconds .

========================================================================
Received Prepare
Registering precompiled user dll's ...
Registered in 0.007403 seconds.
Begin MonoManager ReloadAssembly
Native extension for WindowsStandalone target not found
Native extension for WebGL target not found
Refreshing native plugins compatible for Editor in 0.50 ms, found 2 plugins.
Preloading 0 native plugins for Editor in 0.00 ms.
Mono: successfully reloaded assembly
- Completed reload, in  1.332 seconds
Domain Reload Profiling:
	ReloadAssembly (1332ms)
		BeginReloadAssembly (169ms)
			ExecutionOrderSort (0ms)
			DisableScriptedObjects (5ms)
			BackupInstance (0ms)
			ReleaseScriptingObjects (0ms)
			CreateAndSetChildDomain (46ms)
		EndReloadAssembly (1067ms)
			LoadAssemblies (140ms)
			RebuildTransferFunctionScriptingTraits (0ms)
			SetupTypeCache (409ms)
			ReleaseScriptCaches (1ms)
			RebuildScriptCaches (58ms)
			SetupLoadedEditorAssemblies (360ms)
				LogAssemblyErrors (0ms)
				InitializePlatformSupportModulesInManaged (8ms)
				SetLoadedEditorAssemblies (1ms)
				RefreshPlugins (1ms)
				BeforeProcessingInitializeOnLoad (94ms)
				ProcessInitializeOnLoadAttributes (237ms)
				ProcessInitializeOnLoadMethodAttributes (9ms)
				AfterProcessingInitializeOnLoad (9ms)
				EditorAssembliesLoaded (0ms)
			ExecutionOrderSort2 (0ms)
			AwakeInstancesAfterBackupRestoration (7ms)
Platform modules already initialized, skipping
Refreshing native plugins compatible for Editor in 0.58 ms, found 2 plugins.
Preloading 0 native plugins for Editor in 0.00 ms.
Unloading 1483 Unused Serialized files (Serialized files now loaded: 0)
System memory in use before: 70.8 MB.
System memory in use after: 70.9 MB.

Unloading 14 unused Assets to reduce memory usage. Loaded Objects now: 1978.
Total: 3.273100 ms (FindLiveObjects: 0.219400 ms CreateObjectMapping: 0.051300 ms MarkObjects: 2.980400 ms  DeleteObjects: 0.020500 ms)

AssetImportParameters requested are different than current active one (requested -> active):
  custom:framework-win-MediaFoundation: 216162199b28c13a410421893ffa2e32 -> 
  custom:video-decoder-ogg-theora: a1e56fd34408186e4bbccfd4996cb3dc -> 
  custom:container-muxer-webm: aa71ff27fc2769a1b78a27578f13a17b -> 
  custom:container-demuxer-webm: 4f35f7cbe854078d1ac9338744f61a02 -> 
  custom:container-demuxer-ogg: 62fdf1f143b41e24485cea50d1cbac27 -> 
  custom:video-encoder-webm-vp8: eb34c28f22e8b96e1ab97ce403110664 -> 
  custom:video-decoder-webm-vp8: 9c59270c3fd7afecdb556c50c9e8de78 -> 
  custom:audio-decoder-ogg-vorbis: bf7c407c2cedff20999df2af8eb42d56 -> 
  custom:audio-encoder-webm-vorbis: bf7c407c2cedff20999df2af8eb42d56 -> 
========================================================================
Received Import Request.
  Time since last request: 57.661433 seconds.
  path: Assets/Ressources/Prefabs/TheSnowman (1) Variant.prefab
  artifactKey: Guid(48ad6994ca5446047b035b5c3b33f05e) Importer(815301076,1909f56bfc062723c751e8b465ee728b)
Start importing Assets/Ressources/Prefabs/TheSnowman (1) Variant.prefab using Guid(48ad6994ca5446047b035b5c3b33f05e) Importer(815301076,1909f56bfc062723c751e8b465ee728b)  -> (artifact id: '6e32f8d471c1572f8579a0966172d423') in 0.074691 seconds 
  Import took 0.078451 seconds .

========================================================================
Received Import Request.
  Time since last request: 4.380351 seconds.
  path: Assets/Ressources/Prefabs/TheSnowman (1) Variant.prefab
  artifactKey: Guid(48ad6994ca5446047b035b5c3b33f05e) Importer(815301076,1909f56bfc062723c751e8b465ee728b)
Start importing Assets/Ressources/Prefabs/TheSnowman (1) Variant.prefab using Guid(48ad6994ca5446047b035b5c3b33f05e) Importer(815301076,1909f56bfc062723c751e8b465ee728b)  -> (artifact id: '5091f76606c0022504761cc9c60cf95e') in 0.027768 seconds 
  Import took 0.031190 seconds .

========================================================================
Received Import Request.
  Time since last request: 4.615723 seconds.
  path: Assets/Ressources/Prefabs/TheSnowman (1) Variant.prefab
  artifactKey: Guid(48ad6994ca5446047b035b5c3b33f05e) Importer(815301076,1909f56bfc062723c751e8b465ee728b)
Start importing Assets/Ressources/Prefabs/TheSnowman (1) Variant.prefab using Guid(48ad6994ca5446047b035b5c3b33f05e) Importer(815301076,1909f56bfc062723c751e8b465ee728b)  -> (artifact id: '3bd11de7099aa7568ab03fbdf48b8cc7') in 0.025396 seconds 
  Import took 0.029076 seconds .

========================================================================
Received Import Request.
  Time since last request: 5.847011 seconds.
  path: Assets/Ressources/Prefabs/TheSnowman (1) Variant.prefab
  artifactKey: Guid(48ad6994ca5446047b035b5c3b33f05e) Importer(815301076,1909f56bfc062723c751e8b465ee728b)
Start importing Assets/Ressources/Prefabs/TheSnowman (1) Variant.prefab using Guid(48ad6994ca5446047b035b5c3b33f05e) Importer(815301076,1909f56bfc062723c751e8b465ee728b)  -> (artifact id: '4ba168ccb339a1e9adade72851ecbb0a') in 0.030687 seconds 
  Import took 0.034866 seconds .

========================================================================
Received Import Request.
  Time since last request: 4.729585 seconds.
  path: Assets/Ressources/Prefabs/TheSnowman (1) Variant.prefab
  artifactKey: Guid(48ad6994ca5446047b035b5c3b33f05e) Importer(815301076,1909f56bfc062723c751e8b465ee728b)
Start importing Assets/Ressources/Prefabs/TheSnowman (1) Variant.prefab using Guid(48ad6994ca5446047b035b5c3b33f05e) Importer(815301076,1909f56bfc062723c751e8b465ee728b)  -> (artifact id: 'f247ce04f501a02c02b20375f2138356') in 0.026068 seconds 
  Import took 0.030585 seconds .

========================================================================
Received Import Request.
  Time since last request: 1214.716143 seconds.
  path: Assets/Ressources/Materials/EyeMat.mat
  artifactKey: Guid(532f34034e0315640a1d9567fbb14216) Importer(815301076,1909f56bfc062723c751e8b465ee728b)
Start importing Assets/Ressources/Materials/EyeMat.mat using Guid(532f34034e0315640a1d9567fbb14216) Importer(815301076,1909f56bfc062723c751e8b465ee728b)  -> (artifact id: 'f3c5d2416a636c5802650d32726f2648') in 0.048032 seconds 
  Import took 0.051681 seconds .

========================================================================
Received Import Request.
  Time since last request: 0.000325 seconds.
  path: Assets/Ressources/Materials/SnowTerrainMat.mat
  artifactKey: Guid(a6157e0cc7f558549886d3128633853d) Importer(815301076,1909f56bfc062723c751e8b465ee728b)
Start importing Assets/Ressources/Materials/SnowTerrainMat.mat using Guid(a6157e0cc7f558549886d3128633853d) Importer(815301076,1909f56bfc062723c751e8b465ee728b)  -> (artifact id: '1c0941174245ce6839e1e95ef960d68b') in 0.027479 seconds 
  Import took 0.031321 seconds .

========================================================================
Received Import Request.
  Time since last request: 0.000367 seconds.
  path: Assets/Ressources/Materials/VelvetHat.mat
  artifactKey: Guid(073a7ba97dc57ff42928f57de55f9b15) Importer(815301076,1909f56bfc062723c751e8b465ee728b)
Start importing Assets/Ressources/Materials/VelvetHat.mat using Guid(073a7ba97dc57ff42928f57de55f9b15) Importer(815301076,1909f56bfc062723c751e8b465ee728b)  -> (artifact id: 'a60a983f3e7f2348ce574ac748fc57fc') in 0.027686 seconds 
  Import took 0.031023 seconds .

========================================================================
Received Import Request.
  Time since last request: 0.000301 seconds.
  path: Assets/Ressources/Materials/SnowmanMat.mat
  artifactKey: Guid(847ebd687caab244db67d322d04ee761) Importer(815301076,1909f56bfc062723c751e8b465ee728b)
Start importing Assets/Ressources/Materials/SnowmanMat.mat using Guid(847ebd687caab244db67d322d04ee761) Importer(815301076,1909f56bfc062723c751e8b465ee728b)  -> (artifact id: '367a65c0f1e128a802a1176d57ba56a2') in 0.026488 seconds 
  Import took 0.029867 seconds .

========================================================================
Received Prepare
Registering precompiled user dll's ...
Registered in 0.007368 seconds.
Begin MonoManager ReloadAssembly
Native extension for WindowsStandalone target not found
Native extension for WebGL target not found
Refreshing native plugins compatible for Editor in 0.40 ms, found 2 plugins.
Preloading 0 native plugins for Editor in 0.00 ms.
Mono: successfully reloaded assembly
- Completed reload, in  1.175 seconds
Domain Reload Profiling:
	ReloadAssembly (1175ms)
		BeginReloadAssembly (135ms)
			ExecutionOrderSort (0ms)
			DisableScriptedObjects (4ms)
			BackupInstance (0ms)
			ReleaseScriptingObjects (0ms)
			CreateAndSetChildDomain (39ms)
		EndReloadAssembly (964ms)
			LoadAssemblies (103ms)
			RebuildTransferFunctionScriptingTraits (0ms)
			SetupTypeCache (346ms)
			ReleaseScriptCaches (1ms)
			RebuildScriptCaches (51ms)
			SetupLoadedEditorAssemblies (360ms)
				LogAssemblyErrors (0ms)
				InitializePlatformSupportModulesInManaged (7ms)
				SetLoadedEditorAssemblies (0ms)
				RefreshPlugins (1ms)
				BeforeProcessingInitializeOnLoad (88ms)
				ProcessInitializeOnLoadAttributes (243ms)
				ProcessInitializeOnLoadMethodAttributes (10ms)
				AfterProcessingInitializeOnLoad (12ms)
				EditorAssembliesLoaded (0ms)
			ExecutionOrderSort2 (0ms)
			AwakeInstancesAfterBackupRestoration (8ms)
Platform modules already initialized, skipping
Refreshing native plugins compatible for Editor in 0.47 ms, found 2 plugins.
Preloading 0 native plugins for Editor in 0.00 ms.
Unloading 1483 Unused Serialized files (Serialized files now loaded: 0)
System memory in use before: 70.9 MB.
System memory in use after: 71.0 MB.

Unloading 14 unused Assets to reduce memory usage. Loaded Objects now: 1981.
Total: 3.876300 ms (FindLiveObjects: 0.300000 ms CreateObjectMapping: 0.072600 ms MarkObjects: 3.479900 ms  DeleteObjects: 0.022000 ms)

AssetImportParameters requested are different than current active one (requested -> active):
  custom:framework-win-MediaFoundation: 216162199b28c13a410421893ffa2e32 -> 
  custom:video-decoder-ogg-theora: a1e56fd34408186e4bbccfd4996cb3dc -> 
  custom:container-muxer-webm: aa71ff27fc2769a1b78a27578f13a17b -> 
  custom:container-demuxer-webm: 4f35f7cbe854078d1ac9338744f61a02 -> 
  custom:container-demuxer-ogg: 62fdf1f143b41e24485cea50d1cbac27 -> 
  custom:video-encoder-webm-vp8: eb34c28f22e8b96e1ab97ce403110664 -> 
  custom:video-decoder-webm-vp8: 9c59270c3fd7afecdb556c50c9e8de78 -> 
  custom:audio-decoder-ogg-vorbis: bf7c407c2cedff20999df2af8eb42d56 -> 
  custom:audio-encoder-webm-vorbis: bf7c407c2cedff20999df2af8eb42d56 -> 
========================================================================
Received Import Request.
  Time since last request: 36.216126 seconds.
  path: Assets/Ressources/Materials/LightBulbMat.mat
  artifactKey: Guid(4fa89dcd8848aee4fbe9014384be07b1) Importer(815301076,1909f56bfc062723c751e8b465ee728b)
Start importing Assets/Ressources/Materials/LightBulbMat.mat using Guid(4fa89dcd8848aee4fbe9014384be07b1) Importer(815301076,1909f56bfc062723c751e8b465ee728b)  -> (artifact id: '3006d1556c10f8828f70fd2a45d2f225') in 0.095801 seconds 
  Import took 0.099248 seconds .

========================================================================
Received Import Request.
  Time since last request: 22.941070 seconds.
  path: Assets/Ressources/Texture/black-velvet-normalmap.png
  artifactKey: Guid(45338b29f6916a74382788254b8d2ede) Importer(815301076,1909f56bfc062723c751e8b465ee728b)
Start importing Assets/Ressources/Texture/black-velvet-normalmap.png using Guid(45338b29f6916a74382788254b8d2ede) Importer(815301076,1909f56bfc062723c751e8b465ee728b)  -> (artifact id: '7c53a7d0f20849b138d7a6496e19dc9f') in 0.029275 seconds 
  Import took 0.032378 seconds .

========================================================================
Received Prepare
Registering precompiled user dll's ...
Registered in 0.007840 seconds.
Begin MonoManager ReloadAssembly
Native extension for WindowsStandalone target not found
Native extension for WebGL target not found
Refreshing native plugins compatible for Editor in 0.54 ms, found 2 plugins.
Preloading 0 native plugins for Editor in 0.00 ms.
Mono: successfully reloaded assembly
- Completed reload, in  1.221 seconds
Domain Reload Profiling:
	ReloadAssembly (1222ms)
		BeginReloadAssembly (129ms)
			ExecutionOrderSort (0ms)
			DisableScriptedObjects (6ms)
			BackupInstance (0ms)
			ReleaseScriptingObjects (0ms)
			CreateAndSetChildDomain (41ms)
		EndReloadAssembly (1008ms)
			LoadAssemblies (105ms)
			RebuildTransferFunctionScriptingTraits (0ms)
			SetupTypeCache (342ms)
			ReleaseScriptCaches (1ms)
			RebuildScriptCaches (48ms)
			SetupLoadedEditorAssemblies (403ms)
				LogAssemblyErrors (0ms)
				InitializePlatformSupportModulesInManaged (7ms)
				SetLoadedEditorAssemblies (1ms)
				RefreshPlugins (1ms)
				BeforeProcessingInitializeOnLoad (110ms)
				ProcessInitializeOnLoadAttributes (261ms)
				ProcessInitializeOnLoadMethodAttributes (11ms)
				AfterProcessingInitializeOnLoad (11ms)
				EditorAssembliesLoaded (0ms)
			ExecutionOrderSort2 (0ms)
			AwakeInstancesAfterBackupRestoration (9ms)
Platform modules already initialized, skipping
Refreshing native plugins compatible for Editor in 0.53 ms, found 2 plugins.
Preloading 0 native plugins for Editor in 0.00 ms.
Unloading 1483 Unused Serialized files (Serialized files now loaded: 0)
System memory in use before: 70.9 MB.
System memory in use after: 71.0 MB.

Unloading 14 unused Assets to reduce memory usage. Loaded Objects now: 1985.
Total: 4.544000 ms (FindLiveObjects: 0.230200 ms CreateObjectMapping: 0.047200 ms MarkObjects: 4.239100 ms  DeleteObjects: 0.025300 ms)

AssetImportParameters requested are different than current active one (requested -> active):
  custom:framework-win-MediaFoundation: 216162199b28c13a410421893ffa2e32 -> 
  custom:video-decoder-ogg-theora: a1e56fd34408186e4bbccfd4996cb3dc -> 
  custom:container-muxer-webm: aa71ff27fc2769a1b78a27578f13a17b -> 
  custom:container-demuxer-webm: 4f35f7cbe854078d1ac9338744f61a02 -> 
  custom:container-demuxer-ogg: 62fdf1f143b41e24485cea50d1cbac27 -> 
  custom:video-encoder-webm-vp8: eb34c28f22e8b96e1ab97ce403110664 -> 
  custom:video-decoder-webm-vp8: 9c59270c3fd7afecdb556c50c9e8de78 -> 
  custom:audio-decoder-ogg-vorbis: bf7c407c2cedff20999df2af8eb42d56 -> 
  custom:audio-encoder-webm-vorbis: bf7c407c2cedff20999df2af8eb42d56 -> 
========================================================================
Received Import Request.
  Time since last request: 560.484004 seconds.
  path: Assets/Ressources/Materials/LightBulbMat.mat
  artifactKey: Guid(4fa89dcd8848aee4fbe9014384be07b1) Importer(815301076,1909f56bfc062723c751e8b465ee728b)
Start importing Assets/Ressources/Materials/LightBulbMat.mat using Guid(4fa89dcd8848aee4fbe9014384be07b1) Importer(815301076,1909f56bfc062723c751e8b465ee728b)  -> (artifact id: 'a5f5a6e8ce5a62c191cf8dc1862acb4f') in 0.094346 seconds 
  Import took 0.097706 seconds .

========================================================================
Received Prepare
Registering precompiled user dll's ...
Registered in 0.006630 seconds.
Begin MonoManager ReloadAssembly
Native extension for WindowsStandalone target not found
Native extension for WebGL target not found
Refreshing native plugins compatible for Editor in 0.40 ms, found 2 plugins.
Preloading 0 native plugins for Editor in 0.00 ms.
Mono: successfully reloaded assembly
- Completed reload, in  1.283 seconds
Domain Reload Profiling:
	ReloadAssembly (1284ms)
		BeginReloadAssembly (186ms)
			ExecutionOrderSort (0ms)
			DisableScriptedObjects (7ms)
			BackupInstance (0ms)
			ReleaseScriptingObjects (0ms)
			CreateAndSetChildDomain (54ms)
		EndReloadAssembly (983ms)
			LoadAssemblies (155ms)
			RebuildTransferFunctionScriptingTraits (0ms)
			SetupTypeCache (349ms)
			ReleaseScriptCaches (1ms)
			RebuildScriptCaches (52ms)
			SetupLoadedEditorAssemblies (348ms)
				LogAssemblyErrors (0ms)
				InitializePlatformSupportModulesInManaged (6ms)
				SetLoadedEditorAssemblies (0ms)
				RefreshPlugins (0ms)
				BeforeProcessingInitializeOnLoad (94ms)
				ProcessInitializeOnLoadAttributes (225ms)
				ProcessInitializeOnLoadMethodAttributes (11ms)
				AfterProcessingInitializeOnLoad (11ms)
				EditorAssembliesLoaded (0ms)
			ExecutionOrderSort2 (0ms)
			AwakeInstancesAfterBackupRestoration (7ms)
Platform modules already initialized, skipping
Refreshing native plugins compatible for Editor in 0.45 ms, found 2 plugins.
Preloading 0 native plugins for Editor in 0.00 ms.
Unloading 1483 Unused Serialized files (Serialized files now loaded: 0)
System memory in use before: 70.9 MB.
System memory in use after: 71.0 MB.

Unloading 15 unused Assets to reduce memory usage. Loaded Objects now: 1988.
Total: 3.565700 ms (FindLiveObjects: 0.191800 ms CreateObjectMapping: 0.042100 ms MarkObjects: 3.275000 ms  DeleteObjects: 0.055400 ms)

AssetImportParameters requested are different than current active one (requested -> active):
  custom:framework-win-MediaFoundation: 216162199b28c13a410421893ffa2e32 -> 
  custom:video-decoder-ogg-theora: a1e56fd34408186e4bbccfd4996cb3dc -> 
  custom:container-muxer-webm: aa71ff27fc2769a1b78a27578f13a17b -> 
  custom:container-demuxer-webm: 4f35f7cbe854078d1ac9338744f61a02 -> 
  custom:container-demuxer-ogg: 62fdf1f143b41e24485cea50d1cbac27 -> 
  custom:video-encoder-webm-vp8: eb34c28f22e8b96e1ab97ce403110664 -> 
  custom:video-decoder-webm-vp8: 9c59270c3fd7afecdb556c50c9e8de78 -> 
  custom:audio-decoder-ogg-vorbis: bf7c407c2cedff20999df2af8eb42d56 -> 
  custom:audio-encoder-webm-vorbis: bf7c407c2cedff20999df2af8eb42d56 -> 
========================================================================
Received Import Request.
  Time since last request: 169.882299 seconds.
  path: Assets/Ressources/Audio
  artifactKey: Guid(3b794087dc1561241807e4aa991c30d8) Importer(815301076,1909f56bfc062723c751e8b465ee728b)
Start importing Assets/Ressources/Audio using Guid(3b794087dc1561241807e4aa991c30d8) Importer(815301076,1909f56bfc062723c751e8b465ee728b)  -> (artifact id: '6e9e0bc35e80da119ba16e7ebbccf698') in 0.013843 seconds 
  Import took 0.017467 seconds .

========================================================================
Received Import Request.
  Time since last request: 186.410175 seconds.
  path: Assets/Ressources/Audio/Let It Snow.mp3
  artifactKey: Guid(100c995967dd44f438d6a792e85f025d) Importer(815301076,1909f56bfc062723c751e8b465ee728b)
Start importing Assets/Ressources/Audio/Let It Snow.mp3 using Guid(100c995967dd44f438d6a792e85f025d) Importer(815301076,1909f56bfc062723c751e8b465ee728b)  -> (artifact id: '1c0584dbe9848cc346a741553448fd5a') in 0.131609 seconds 
  Import took 0.135284 seconds .

========================================================================
Received Prepare
Registering precompiled user dll's ...
Registered in 0.007355 seconds.
Begin MonoManager ReloadAssembly
Native extension for WindowsStandalone target not found
Native extension for WebGL target not found
Refreshing native plugins compatible for Editor in 0.42 ms, found 2 plugins.
Preloading 0 native plugins for Editor in 0.00 ms.
Mono: successfully reloaded assembly
- Completed reload, in  1.346 seconds
Domain Reload Profiling:
	ReloadAssembly (1347ms)
		BeginReloadAssembly (161ms)
			ExecutionOrderSort (0ms)
			DisableScriptedObjects (6ms)
			BackupInstance (0ms)
			ReleaseScriptingObjects (0ms)
			CreateAndSetChildDomain (45ms)
		EndReloadAssembly (1080ms)
			LoadAssemblies (133ms)
			RebuildTransferFunctionScriptingTraits (0ms)
			SetupTypeCache (380ms)
			ReleaseScriptCaches (1ms)
			RebuildScriptCaches (51ms)
			SetupLoadedEditorAssemblies (390ms)
				LogAssemblyErrors (0ms)
				InitializePlatformSupportModulesInManaged (7ms)
				SetLoadedEditorAssemblies (0ms)
				RefreshPlugins (1ms)
				BeforeProcessingInitializeOnLoad (97ms)
				ProcessInitializeOnLoadAttributes (265ms)
				ProcessInitializeOnLoadMethodAttributes (11ms)
				AfterProcessingInitializeOnLoad (10ms)
				EditorAssembliesLoaded (0ms)
			ExecutionOrderSort2 (0ms)
			AwakeInstancesAfterBackupRestoration (7ms)
Platform modules already initialized, skipping
Refreshing native plugins compatible for Editor in 0.42 ms, found 2 plugins.
Preloading 0 native plugins for Editor in 0.00 ms.
Unloading 1483 Unused Serialized files (Serialized files now loaded: 0)
System memory in use before: 71.0 MB.
System memory in use after: 71.1 MB.

Unloading 14 unused Assets to reduce memory usage. Loaded Objects now: 1993.
Total: 3.409200 ms (FindLiveObjects: 0.281500 ms CreateObjectMapping: 0.077400 ms MarkObjects: 3.027200 ms  DeleteObjects: 0.021600 ms)

AssetImportParameters requested are different than current active one (requested -> active):
  custom:framework-win-MediaFoundation: 216162199b28c13a410421893ffa2e32 -> 
  custom:video-decoder-ogg-theora: a1e56fd34408186e4bbccfd4996cb3dc -> 
  custom:container-muxer-webm: aa71ff27fc2769a1b78a27578f13a17b -> 
  custom:container-demuxer-webm: 4f35f7cbe854078d1ac9338744f61a02 -> 
  custom:container-demuxer-ogg: 62fdf1f143b41e24485cea50d1cbac27 -> 
  custom:video-encoder-webm-vp8: eb34c28f22e8b96e1ab97ce403110664 -> 
  custom:video-decoder-webm-vp8: 9c59270c3fd7afecdb556c50c9e8de78 -> 
  custom:audio-decoder-ogg-vorbis: bf7c407c2cedff20999df2af8eb42d56 -> 
  custom:audio-encoder-webm-vorbis: bf7c407c2cedff20999df2af8eb42d56 -> 
========================================================================
Received Prepare
Registering precompiled user dll's ...
Registered in 0.008155 seconds.
Begin MonoManager ReloadAssembly
Native extension for WindowsStandalone target not found
Native extension for WebGL target not found
Refreshing native plugins compatible for Editor in 0.45 ms, found 2 plugins.
Preloading 0 native plugins for Editor in 0.00 ms.
Mono: successfully reloaded assembly
- Completed reload, in  1.399 seconds
Domain Reload Profiling:
	ReloadAssembly (1400ms)
		BeginReloadAssembly (141ms)
			ExecutionOrderSort (0ms)
			DisableScriptedObjects (7ms)
			BackupInstance (0ms)
			ReleaseScriptingObjects (0ms)
			CreateAndSetChildDomain (39ms)
		EndReloadAssembly (1117ms)
			LoadAssemblies (148ms)
			RebuildTransferFunctionScriptingTraits (0ms)
			SetupTypeCache (388ms)
			ReleaseScriptCaches (1ms)
			RebuildScriptCaches (59ms)
			SetupLoadedEditorAssemblies (394ms)
				LogAssemblyErrors (0ms)
				InitializePlatformSupportModulesInManaged (9ms)
				SetLoadedEditorAssemblies (1ms)
				RefreshPlugins (1ms)
				BeforeProcessingInitializeOnLoad (109ms)
				ProcessInitializeOnLoadAttributes (251ms)
				ProcessInitializeOnLoadMethodAttributes (11ms)
				AfterProcessingInitializeOnLoad (12ms)
				EditorAssembliesLoaded (0ms)
			ExecutionOrderSort2 (0ms)
			AwakeInstancesAfterBackupRestoration (10ms)
Platform modules already initialized, skipping
Refreshing native plugins compatible for Editor in 0.48 ms, found 2 plugins.
Preloading 0 native plugins for Editor in 0.00 ms.
Unloading 1483 Unused Serialized files (Serialized files now loaded: 0)
System memory in use before: 71.0 MB.
System memory in use after: 71.1 MB.

Unloading 14 unused Assets to reduce memory usage. Loaded Objects now: 1995.
Total: 3.818000 ms (FindLiveObjects: 0.238600 ms CreateObjectMapping: 0.053100 ms MarkObjects: 3.499900 ms  DeleteObjects: 0.024600 ms)

AssetImportParameters requested are different than current active one (requested -> active):
  custom:framework-win-MediaFoundation: 216162199b28c13a410421893ffa2e32 -> 
  custom:video-decoder-ogg-theora: a1e56fd34408186e4bbccfd4996cb3dc -> 
  custom:container-muxer-webm: aa71ff27fc2769a1b78a27578f13a17b -> 
  custom:container-demuxer-webm: 4f35f7cbe854078d1ac9338744f61a02 -> 
  custom:container-demuxer-ogg: 62fdf1f143b41e24485cea50d1cbac27 -> 
  custom:video-encoder-webm-vp8: eb34c28f22e8b96e1ab97ce403110664 -> 
  custom:video-decoder-webm-vp8: 9c59270c3fd7afecdb556c50c9e8de78 -> 
  custom:audio-decoder-ogg-vorbis: bf7c407c2cedff20999df2af8eb42d56 -> 
  custom:audio-encoder-webm-vorbis: bf7c407c2cedff20999df2af8eb42d56 -> 
========================================================================
Received Prepare
Registering precompiled user dll's ...
Registered in 0.007607 seconds.
Begin MonoManager ReloadAssembly
Native extension for WindowsStandalone target not found
Native extension for WebGL target not found
Refreshing native plugins compatible for Editor in 0.68 ms, found 2 plugins.
Preloading 0 native plugins for Editor in 0.00 ms.
Mono: successfully reloaded assembly
- Completed reload, in  1.584 seconds
Domain Reload Profiling:
	ReloadAssembly (1585ms)
		BeginReloadAssembly (169ms)
			ExecutionOrderSort (0ms)
			DisableScriptedObjects (7ms)
			BackupInstance (0ms)
			ReleaseScriptingObjects (0ms)
			CreateAndSetChildDomain (45ms)
		EndReloadAssembly (1303ms)
			LoadAssemblies (147ms)
			RebuildTransferFunctionScriptingTraits (0ms)
			SetupTypeCache (464ms)
			ReleaseScriptCaches (1ms)
			RebuildScriptCaches (62ms)
			SetupLoadedEditorAssemblies (485ms)
				LogAssemblyErrors (0ms)
				InitializePlatformSupportModulesInManaged (10ms)
				SetLoadedEditorAssemblies (1ms)
				RefreshPlugins (1ms)
				BeforeProcessingInitializeOnLoad (117ms)
				ProcessInitializeOnLoadAttributes (318ms)
				ProcessInitializeOnLoadMethodAttributes (20ms)
				AfterProcessingInitializeOnLoad (18ms)
				EditorAssembliesLoaded (0ms)
			ExecutionOrderSort2 (0ms)
			AwakeInstancesAfterBackupRestoration (10ms)
Platform modules already initialized, skipping
Refreshing native plugins compatible for Editor in 0.55 ms, found 2 plugins.
Preloading 0 native plugins for Editor in 0.00 ms.
Unloading 1483 Unused Serialized files (Serialized files now loaded: 0)
System memory in use before: 71.0 MB.
System memory in use after: 71.1 MB.

Unloading 14 unused Assets to reduce memory usage. Loaded Objects now: 1997.
Total: 5.271100 ms (FindLiveObjects: 0.221400 ms CreateObjectMapping: 0.039200 ms MarkObjects: 4.979400 ms  DeleteObjects: 0.029400 ms)

AssetImportParameters requested are different than current active one (requested -> active):
  custom:framework-win-MediaFoundation: 216162199b28c13a410421893ffa2e32 -> 
  custom:video-decoder-ogg-theora: a1e56fd34408186e4bbccfd4996cb3dc -> 
  custom:container-muxer-webm: aa71ff27fc2769a1b78a27578f13a17b -> 
  custom:container-demuxer-webm: 4f35f7cbe854078d1ac9338744f61a02 -> 
  custom:container-demuxer-ogg: 62fdf1f143b41e24485cea50d1cbac27 -> 
  custom:video-encoder-webm-vp8: eb34c28f22e8b96e1ab97ce403110664 -> 
  custom:video-decoder-webm-vp8: 9c59270c3fd7afecdb556c50c9e8de78 -> 
  custom:audio-decoder-ogg-vorbis: bf7c407c2cedff20999df2af8eb42d56 -> 
  custom:audio-encoder-webm-vorbis: bf7c407c2cedff20999df2af8eb42d56 -> 
AssetImportWorkerClient::OnTransportError - code=2 error=End of file
